Case #1: 
GGG
CCC
JJJ
Case #2: 
CODE
CODE
JJAM
Case #3: 
CA
KE
Case #4: 
HHHHHHHHHHHHHHHHHHHHHHHHH
HHHHHHHHHHHHHHHHHHHHHHHHH
HHHHHHHHHHHHHHHHHHHHHHHHH
HHHHHHHHHHHHHHHHHHHHHHHHH
HHHHHHHHHHHHHHHHHHHHHHHHH
HHHHHHHHHHHHHHHHHHHHHHHHH
HHHHHHHHHHHHHHHHHHHHHHHHH
HHHHHHHHHHHHHHHHHHHHHHHHH
HHHHHHHHHHHHHHHHHHHHHHHHH
CCCCCCCCCCCCCCCCCCCCCCCCC
IIIIIIIIIIIIIIIWLFMMMMMMM
VVVVVVVVVVVVVVVKPAAAYOOOO
JJJJJJJJJJJJJJBZZTRRDDDDD
XXXXXXXXXXXXXXXXSUUUUUUUU
EEEEEEEEEEEEEEEENGGGGGGGG
QQQQQQQQQQQQQQQQQQQQQQQQQ
QQQQQQQQQQQQQQQQQQQQQQQQQ
QQQQQQQQQQQQQQQQQQQQQQQQQ
QQQQQQQQQQQQQQQQQQQQQQQQQ
QQQQQQQQQQQQQQQQQQQQQQQQQ
QQQQQQQQQQQQQQQQQQQQQQQQQ
QQQQQQQQQQQQQQQQQQQQQQQQQ
QQQQQQQQQQQQQQQQQQQQQQQQQ
QQQQQQQQQQQQQQQQQQQQQQQQQ
QQQQQQQQQQQQQQQQQQQQQQQQQ
Case #5: 
AAAAAAAAAAAAAAAAAAAAAAAAA
BBBBBBBBBBBBBBBBBBBBBBBBB
CCCCCCCCCCCCCCCCCCCCCCCCC
DDDDDDDDDDDDDDDDDDDDDDDDD
EEEEEEEEEEEEEEEEEEEEEEEEE
FFFFFFFFFFFFFFFFFFFFFFFFF
GGGGGGGGGGGGGGGGGGGGGGGGG
HHHHHHHHHHHHHHHHHHHHHHHHH
IIIIIIIIIIIIIIIIIIIIIIIII
JJJJJJJJJJJJJJJJJJJJJJJJJ
KKKKKKKKKKKKKKKKKKKKKKKKK
LLLLLLLLLLLLLLLLLLLLLLLLL
MMMMMMMMMMMMMMMMMMMMMMMMM
NNNNNNNNNNNNNNNNNNNNNNNNN
OOOOOOOOOOOOOOOOOOOOOOOOO
PPPPPPPPPPPPPPPPPPPPPPPPP
QQQQQQQQQQQQQQQQQQQQQQQQQ
RRRRRRRRRRRRRRRRRRRRRRRRR
SSSSSSSSSSSSSSSSSSSSSSSSS
TTTTTTTTTTTTTTTTTTTTTTTTT
UUUUUUUUUUUUUUUUUUUUUUUUU
VVVVVVVVVVVVVVVVVVVVVVVVV
WWWWWWWWWWWWWWWWWWWWWWWWW
XXXXXXXXXXXXXXXXXXXXXXXXX
YYYYYYYYYYYYYYYYYYYYYYYYY
Case #6: 
AACCC
AACCC
BBBBB
Case #7: 
AAAAAAABBBBBBBBBBBBBBBBBB
AAAAAAABBBBBBBBBBBBBBBBBB
AAAAAAABBBBBBBBBBBBBBBBBB
AAAAAAABBBBBBBBBBBBBBBBBB
AAAAAAABBBBBBBBBBBBBBBBBB
AAAAAAABBBBBBBBBBBBBBBBBB
AAAAAAABBBBBBBBBBBBBBBBBB
AAAAAAABBBBBBBBBBBBBBBBBB
CCCCCCCCCCCCCCCCCCCCCCCCC
DDDDDDDDDDDDDDDDDDDDDDDDD
EEEEEEEEEEEEEEEEEEEEEEEEE
EEEEEEEEEEEEEEEEEEEEEEEEE
EEEEEEEEEEEEEEEEEEEEEEEEE
EEEEEEEEEEEEEEEEEEEEEEEEE
EEEEEEEEEEEEEEEEEEEEEEEEE
EEEEEEEEEEEEEEEEEEEEEEEEE
EEEEEEEEEEEEEEEEEEEEEEEEE
EEEEEEEEEEEEEEEEEEEEEEEEE
EEEEEEEEEEEEEEEEEEEEEEEEE
EEEEEEEEEEEEEEEEEEEEEEEEE
EEEEEEEEEEEEEEEEEEEEEEEEE
EEEEEEEEEEEEEEEEEEEEEEEEE
EEEEEEEEEEEEEEEEEEEEEEEEE
EEEEEEEEEEEEEEEEEEEEEEEEE
EEEEEEEEEEEEEEEEEEEEEEEEE
Case #8: 
ABCDEFGHIJKLMNOPQRSTUVWXY
ABCDEFGHIJKLMNOPQRSTUVWXY
ABCDEFGHIJKLMNOPQRSTUVWXY
ABCDEFGHIJKLMNOPQRSTUVWXY
ABCDEFGHIJKLMNOPQRSTUVWXY
ABCDEFGHIJKLMNOPQRSTUVWXY
ABCDEFGHIJKLMNOPQRSTUVWXY
ABCDEFGHIJKLMNOPQRSTUVWXY
ABCDEFGHIJKLMNOPQRSTUVWXY
ABCDEFGHIJKLMNOPQRSTUVWXY
ABCDEFGHIJKLMNOPQRSTUVWXY
ABCDEFGHIJKLMNOPQRSTUVWXY
ABCDEFGHIJKLMNOPQRSTUVWXY
ABCDEFGHIJKLMNOPQRSTUVWXY
ABCDEFGHIJKLMNOPQRSTUVWXY
ABCDEFGHIJKLMNOPQRSTUVWXY
ABCDEFGHIJKLMNOPQRSTUVWXY
ABCDEFGHIJKLMNOPQRSTUVWXY
ABCDEFGHIJKLMNOPQRSTUVWXY
ABCDEFGHIJKLMNOPQRSTUVWXY
ABCDEFGHIJKLMNOPQRSTUVWXY
ABCDEFGHIJKLMNOPQRSTUVWXY
ABCDEFGHIJKLMNOPQRSTUVWXY
ABCDEFGHIJKLMNOPQRSTUVWXY
ABCDEFGHIJKLMNOPQRSTUVWXY
Case #9: 
PPPPPPPPPPPPXXXXXXXXXXXXX
MMMMMMMMMMMMMMMMMMMMMMMMM
ZZZZZZZZZZZZZZZZZZZZZZZZZ
CCCCCCCCCCCCCCCCCCCCCCCCC
EEEEEEBNNNNNNNNNNNNNNNNNN
JJJJJYYYYYYYYYYYYYYYYYYYY
JJJJJYYYYYYYYYYYYYYYYYYYY
SSSSSSSSSSSSSSSSSSSSSSUUU
SSSSSSSSSSSSSSSSSSSSSSUUU
RRRRRRRRRRRRRRRRRRRRRRRRR
RRRRRRRRRRRRRRRRRRRRRRRRR
IIIIIIIIIIIIIIIIIIIIIIIII
FFFFFFFFFFFFFFFFFFFFFFFFF
VVVVVVVVVVVVVVVVVVVVVVVVV
VVVVVVVVVVVVVVVVVVVVVVVVV
OOOOOOOOOOOOOOOOOOOOOOOOO
KKKKKKKKKKKKKKKKKKKKKKKKK
WWWWWWWWWWWWWWWWWWWWWGGGG
WWWWWWWWWWWWWWWWWWWWWGGGG
HHHHHHHHHHHHHHHHHHHHHHHHH
TTTTTTTTTTTTTTTTTTTTTTTTT
QQQQQQQQQQQQQQQQQQQQQQQQQ
QQQQQQQQQQQQQQQQQQQQQQQQQ
DDDDDDDDDDDDDDDDDDDLLLLLL
AAAAAAAAAAAAAAAAAAAAAAAAA
Case #10: 
DDDDDDDDDDDDDDDDDDSVVVVVV
DDDDDDDDDDDDDDDDDDSVVVVVV
DDDDDDDDDDDDDDDDDDSVVVVVV
DDDDDDDDDDDDDDDDDDSVVVVVV
DDDDDDDDDDDDDDDDDDSVVVVVV
DDDDDDDDDDDDDDDDDDSVVVVVV
DDDDDDDDDDDDDDDDDDSVVVVVV
DDDDDDDDDDDDDDDDDDSVVVVVV
DDDDDDDDDDDDDDDDDDSVVVVVV
DDDDDDDDDDDDDDDDDDSVVVVVV
DDDDDDDDDDDDDDDDDDSVVVVVV
DDDDDDDDDDDDDDDDDDSVVVVVV
DDDDDDDDDDDDDDDDDDSVVVVVV
DDDDDDDDDDDDDDDDDDSVVVVVV
DDDDDDDDDDDDDDDDDDSVVVVVV
DDDDDDDDDDDDDDDDDDSVVVVVV
HHHHHHHHHHHHHHHHHAANNNNNN
XXXXXXXXXXXXXXXXBBYYYYYYY
JJJJJJJJJJJJJEEEEEEEEEEEE
JJJJJJJJJJJJJEEEEEEEEEEEE
RRRRRRRRRRRRRRRRRRRRRTTMM
WWWWWWWWWWWWWWWWWWWWWWWWW
FFFFFFFFFFFFFFFFFFFFFFPPP
KKKKKKKKKKKKKKKIGOOLLLLCC
ZZZZZZZZZZZZZZZZZQQUUUUUU
Case #11: 
YYSKLLCCCJJJJRRRRRRRRRRRR
FFFFFTPPGGEEEEEEEEEEEEEEE
QQQQQNUHHWBBBBBBBBBBBBBBB
AAAAAAAAOOMDDDDDDDDDDDDDD
VVVVVVIIZXXXXXXXXXXXXXXXX
VVVVVVIIZXXXXXXXXXXXXXXXX
VVVVVVIIZXXXXXXXXXXXXXXXX
VVVVVVIIZXXXXXXXXXXXXXXXX
VVVVVVIIZXXXXXXXXXXXXXXXX
VVVVVVIIZXXXXXXXXXXXXXXXX
VVVVVVIIZXXXXXXXXXXXXXXXX
VVVVVVIIZXXXXXXXXXXXXXXXX
VVVVVVIIZXXXXXXXXXXXXXXXX
VVVVVVIIZXXXXXXXXXXXXXXXX
VVVVVVIIZXXXXXXXXXXXXXXXX
VVVVVVIIZXXXXXXXXXXXXXXXX
VVVVVVIIZXXXXXXXXXXXXXXXX
VVVVVVIIZXXXXXXXXXXXXXXXX
VVVVVVIIZXXXXXXXXXXXXXXXX
VVVVVVIIZXXXXXXXXXXXXXXXX
VVVVVVIIZXXXXXXXXXXXXXXXX
VVVVVVIIZXXXXXXXXXXXXXXXX
VVVVVVIIZXXXXXXXXXXXXXXXX
VVVVVVIIZXXXXXXXXXXXXXXXX
VVVVVVIIZXXXXXXXXXXXXXXXX
Case #12: 
AAAAAAAAAAAAAAAAAAAAAAAAA
BBBBBBBBBBBBBBBBBBBBBBBBB
CCCCCCCCCCCCCCCCCCCCCCCCC
DDDDDDDDDDDDDDDDDDDDDDDDD
EEEEEEEEEEEEEEEEEEEEEEEEE
FFFFFFFFFFFFFFFFFFFFFFFFF
GGGGGGGGGGGGGGGGGGGGGGGGG
HHHHHHHHHHHHHHHHHHHHHHHHH
IIIIIIIIIIIIIIIIIIIIIIIII
JJJJJJJJJJJJJJJJJJJJJJJJJ
KKKKKKKKKKKKKKKKKKKKKKKKK
LLLLLLLLLLLLLLLLLLLLLLLLL
MMMMMMMMMMMMMMMMMMMMMMMMM
NNNNNNNNNNNNNNNNNNNNNNNNN
OOOOOOOOOOOOOOOOOOOOOOOOO
PPPPPPPPPPPPPPPPPPPPPPPPP
QQQQQQQQQQQQQQQQQQQQQQQQQ
RRRRRRRRRRRRRRRRRRRRRRRRR
SSSSSSSSSSSSSSSSSSSSSSSSS
TTTTTTTTTTTTTTTTTTTTTTTTT
UUUUUUUUUUUUUUUUUUUUUUUUU
VVVVVVVVVVVVVVVVVVVVVVVVV
WWWWWWWWWWWWWWWWWWWWWWWWW
XXXXXXXXXXXXXXXXXXXXXXXXX
YYYYYYYYYYYYYYYYYYYYYYYYY
Case #13: 
AACCCCCCCCCCCCCCCCCCCCCCC
AACCCCCCCCCCCCCCCCCCCCCCC
AACCCCCCCCCCCCCCCCCCCCCCC
AACCCCCCCCCCCCCCCCCCCCCCC
AACCCCCCCCCCCCCCCCCCCCCCC
AACCCCCCCCCCCCCCCCCCCCCCC
AACCCCCCCCCCCCCCCCCCCCCCC
EEEEEEEEEEEEEEEEEEEEEEEEE
EEEEEEEEEEEEEEEEEEEEEEEEE
EEEEEEEEEEEEEEEEEEEEEEEEE
EEEEEEEEEEEEEEEEEEEEEEEEE
BBBDDDDDDDDDDDDDDDDDDDDDD
BBBDDDDDDDDDDDDDDDDDDDDDD
BBBDDDDDDDDDDDDDDDDDDDDDD
BBBDDDDDDDDDDDDDDDDDDDDDD
BBBDDDDDDDDDDDDDDDDDDDDDD
BBBDDDDDDDDDDDDDDDDDDDDDD
BBBDDDDDDDDDDDDDDDDDDDDDD
BBBDDDDDDDDDDDDDDDDDDDDDD
FFFFFFFFFFFFFFFFFFGGGGGGG
HHHHHHHHHHHHHHHHHHHHHHHHH
IIIIIIIIIIIIIIIIIIIIIIIII
JJJJJJJJJJJJJJJJJJJJJJJJJ
JJJJJJJJJJJJJJJJJJJJJJJJJ
JJJJJJJJJJJJJJJJJJJJJJJJJ
Case #14: 
A
B
Case #15: 
ABCDEFGHIJKLMNOPQRSTUVWXY
ABCDEFGHIJKLMNOPQRSTUVWXY
ABCDEFGHIJKLMNOPQRSTUVWXY
ABCDEFGHIJKLMNOPQRSTUVWXY
ABCDEFGHIJKLMNOPQRSTUVWXY
ABCDEFGHIJKLMNOPQRSTUVWXY
ABCDEFGHIJKLMNOPQRSTUVWXY
ABCDEFGHIJKLMNOPQRSTUVWXY
ABCDEFGHIJKLMNOPQRSTUVWXY
ABCDEFGHIJKLMNOPQRSTUVWXY
ABCDEFGHIJKLMNOPQRSTUVWXY
ABCDEFGHIJKLMNOPQRSTUVWXY
ABCDEFGHIJKLMNOPQRSTUVWXY
ABCDEFGHIJKLMNOPQRSTUVWXY
ABCDEFGHIJKLMNOPQRSTUVWXY
ABCDEFGHIJKLMNOPQRSTUVWXY
ABCDEFGHIJKLMNOPQRSTUVWXY
ABCDEFGHIJKLMNOPQRSTUVWXY
ABCDEFGHIJKLMNOPQRSTUVWXY
ABCDEFGHIJKLMNOPQRSTUVWXY
ABCDEFGHIJKLMNOPQRSTUVWXY
ABCDEFGHIJKLMNOPQRSTUVWXY
ABCDEFGHIJKLMNOPQRSTUVWXY
ABCDEFGHIJKLMNOPQRSTUVWXY
ABCDEFGHIJKLMNOPQRSTUVWXY
Case #16: 
AAAAAAAABBBBBBBBBBBBBBBBB
AAAAAAAABBBBBBBBBBBBBBBBB
AAAAAAAABBBBBBBBBBBBBBBBB
AAAAAAAABBBBBBBBBBBBBBBBB
AAAAAAAABBBBBBBBBBBBBBBBB
AAAAAAAABBBBBBBBBBBBBBBBB
AAAAAAAABBBBBBBBBBBBBBBBB
CCCCCCCCCCCCCCCCCCCCCCCCC
DDDDDDDDDDDDDDDDDDDDDDDDD
EEEEEEEEEEEEEEEEEEEEEEEEE
EEEEEEEEEEEEEEEEEEEEEEEEE
EEEEEEEEEEEEEEEEEEEEEEEEE
EEEEEEEEEEEEEEEEEEEEEEEEE
EEEEEEEEEEEEEEEEEEEEEEEEE
FFFFFFFFFFFFFFFFFFFFFFHHH
JJJJJJJJJJJJJJJJJJJJJJJJJ
JJJJJJJJJJJJJJJJJJJJJJJJJ
JJJJJJJJJJJJJJJJJJJJJJJJJ
JJJJJJJJJJJJJJJJJJJJJJJJJ
GGGGGGGGGGGGGGGGGGGGGGGII
GGGGGGGGGGGGGGGGGGGGGGGII
GGGGGGGGGGGGGGGGGGGGGGGII
GGGGGGGGGGGGGGGGGGGGGGGII
GGGGGGGGGGGGGGGGGGGGGGGII
GGGGGGGGGGGGGGGGGGGGGGGII
Case #17: 
JJJJJJJJJJJJJJJJJJJJJJJJJ
JJJJJJJJJJJJJJJJJJJJJJJJJ
OOOOOOOOOOOOOOOOOOOOOOOOO
KKKKKKKKKMMMMMMMMMMMMMMMM
KKKKKKKKKMMMMMMMMMMMMMMMM
PPPPPPPPPPPPPPPPPPPPPPPPP
BBBBBBBBBBBBBBBBBBBBBBBBB
NNNNNNNNNNNNNNNNNNNNNNNNN
HHHHHHHHHHHHHHHHHHHHHHHHH
GGGGGGGGGGGGGGGGGGGGGGGGG
GGGGGGGGGGGGGGGGGGGGGGGGG
XXXXXAAAAAAALLLLLWWWWWWWW
TTTTTTTTTTTTTTTTTTTTTTFFF
CCCCCCCCCCCCCCCCCCCCCCCCC
YYYYYYYYYYYYYYYYYYYYYYYYY
RRRRRRRRRRRRRRRRRRRRRRRRR
RRRRRRRRRRRRRRRRRRRRRRRRR
RRRRRRRRRRRRRRRRRRRRRRRRR
RRRRRRRRRRRRRRRRRRRRRRRRR
RRRRRRRRRRRRRRRRRRRRRRRRR
DDDDDDDDDDQQQQQQQZZZEESSS
DDDDDDDDDDQQQQQQQZZZEESSS
DDDDDDDDDDQQQQQQQZZZEESSS
VVVVVVVVVVVVVVVVVVVVVVVVV
IIIIIIIIIIIIIIIIIIIIIUUUU
Case #18: 
JJJJJ
JJJJJ
JJJJJ
MFOOO
QGPPP
AIEHB
DNCKL
Case #19: 
AACCCCCCCCCCCCCCCCCCCCCCC
AACCCCCCCCCCCCCCCCCCCCCCC
EEEEEEEEEEEEEEEEEEEEEEEEE
EEEEEEEEEEEEEEEEEEEEEEEEE
EEEEEEEEEEEEEEEEEEEEEEEEE
EEEEEEEEEEEEEEEEEEEEEEEEE
BBBDDDDDDDDDDDDDDDDDDDDDD
BBBDDDDDDDDDDDDDDDDDDDDDD
BBBDDDDDDDDDDDDDDDDDDDDDD
BBBDDDDDDDDDDDDDDDDDDDDDD
BBBDDDDDDDDDDDDDDDDDDDDDD
BBBDDDDDDDDDDDDDDDDDDDDDD
BBBDDDDDDDDDDDDDDDDDDDDDD
BBBDDDDDDDDDDDDDDDDDDDDDD
FFFFFFFFFFFFFFFFFGGGGGGGG
HHHHHHHHHHHHHHHHHHHHHHHHH
IIIIIIIIIIIIIIIIIIIIIIIII
JJJJJJJJJJJJJJJJJJJJJJJJJ
JJJJJJJJJJJJJJJJJJJJJJJJJ
JJJJJJJJJJJJJJJJJJJJJJJJJ
JJJJJJJJJJJJJJJJJJJJJJJJJ
JJJJJJJJJJJJJJJJJJJJJJJJJ
JJJJJJJJJJJJJJJJJJJJJJJJJ
JJJJJJJJJJJJJJJJJJJJJJJJJ
JJJJJJJJJJJJJJJJJJJJJJJJJ
Case #20: 
AAAAAAAAACCCCCCCCCCCCCCCC
AAAAAAAAACCCCCCCCCCCCCCCC
AAAAAAAAACCCCCCCCCCCCCCCC
AAAAAAAAACCCCCCCCCCCCCCCC
AAAAAAAAACCCCCCCCCCCCCCCC
AAAAAAAAACCCCCCCCCCCCCCCC
AAAAAAAAACCCCCCCCCCCCCCCC
AAAAAAAAACCCCCCCCCCCCCCCC
AAAAAAAAACCCCCCCCCCCCCCCC
AAAAAAAAACCCCCCCCCCCCCCCC
AAAAAAAAACCCCCCCCCCCCCCCC
AAAAAAAAACCCCCCCCCCCCCCCC
EEEEEEEEEEEEEEEEEEEEEEEEE
EEEEEEEEEEEEEEEEEEEEEEEEE
EEEEEEEEEEEEEEEEEEEEEEEEE
EEEEEEEEEEEEEEEEEEEEEEEEE
BBBBBBBBBBDDDDDDDDDDDDDDD
BBBBBBBBBBDDDDDDDDDDDDDDD
BBBBBBBBBBDDDDDDDDDDDDDDD
BBBBBBBBBBDDDDDDDDDDDDDDD
BBBBBBBBBBDDDDDDDDDDDDDDD
BBBBBBBBBBDDDDDDDDDDDDDDD
BBBBBBBBBBDDDDDDDDDDDDDDD
BBBBBBBBBBDDDDDDDDDDDDDDD
BBBBBBBBBBDDDDDDDDDDDDDDD
Case #21: 
ABCDEFGHIJKLMNOPQRSTUVWXY
ABCDEFGHIJKLMNOPQRSTUVWXY
ABCDEFGHIJKLMNOPQRSTUVWXY
ABCDEFGHIJKLMNOPQRSTUVWXY
ABCDEFGHIJKLMNOPQRSTUVWXY
ABCDEFGHIJKLMNOPQRSTUVWXY
ABCDEFGHIJKLMNOPQRSTUVWXY
ABCDEFGHIJKLMNOPQRSTUVWXY
ABCDEFGHIJKLMNOPQRSTUVWXY
ABCDEFGHIJKLMNOPQRSTUVWXY
ABCDEFGHIJKLMNOPQRSTUVWXY
ABCDEFGHIJKLMNOPQRSTUVWXY
ABCDEFGHIJKLMNOPQRSTUVWXY
ABCDEFGHIJKLMNOPQRSTUVWXY
ABCDEFGHIJKLMNOPQRSTUVWXY
ABCDEFGHIJKLMNOPQRSTUVWXY
ABCDEFGHIJKLMNOPQRSTUVWXY
ABCDEFGHIJKLMNOPQRSTUVWXY
ABCDEFGHIJKLMNOPQRSTUVWXY
ABCDEFGHIJKLMNOPQRSTUVWXY
ABCDEFGHIJKLMNOPQRSTUVWXY
ABCDEFGHIJKLMNOPQRSTUVWXY
ABCDEFGHIJKLMNOPQRSTUVWXY
ABCDEFGHIJKLMNOPQRSTUVWXY
ABCDEFGHIJKLMNOPQRSTUVWXY
Case #22: 
AA
Case #23: 
AAAAAAAAAAAAAAAAAAAAAAAAA
AAAAAAAAAAAAAAAAAAAAAAAAA
AAAAAAAAAAAAAAAAAAAAAAAAA
AAAAAAAAAAAAAAAAAAAAAAAAA
AAAAAAAAAAAAAAAAAAAAAAAAA
AAAAAAAAAAAAAAAAAAAAAAAAA
AAAAAAAAAAAAAAAAAAAAAAAAA
AAAAAAAAAAAAAAAAAAAAAAAAA
AAAAAAAAAAAAAAAAAAAAAAAAA
AAAAAAAAAAAAAAAAAAAAAAAAA
AAAAAAAAAAAAAAAAAAAAAAAAA
AAAAAAAAAAAAAAAAAAAAAAAAA
AAAAAAAAAAAAAAAAAAAAAAAAA
AAAAAAAAAAAAAAAAAAAAAAAAA
AAAAAAAAAAAAAAAAAAAAAAAAA
AAAAAAAAAAAAAAAAAAAAAAAAA
AAAAAAAAAAAAAAAAAAAAAAAAA
AAAAAAAAAAAAAAAAAAAAAAAAA
AAAAAAAAAAAAAAAAAAAAAAAAA
AAAAAAAAAAAAAAAAAAAAAAAAA
AAAAAAAAAAAAAAAAAAAAAAAAA
AAAAAAAAAAAAAAAAAAAAAAAAA
AAAAAAAAAAAAAAAAAAAAAAAAA
AAAAAAAAAAAAAAAAAAAAAAAAA
AAAAAAAAAAAAAAAAAAAAAAAAA
Case #24: 
FFFFFFFFFFFFFFFFFFFFFFFFQ
FFFFFFFFFFFFFFFFFFFFFFFFQ
FFFFFFFFFFFFFFFFFFFFFFFFQ
FFFFFFFFFFFFFFFFFFFFFFFFQ
FFFFFFFFFFFFFFFFFFFFFFFFQ
FFFFFFFFFFFFFFFFFFFFFFFFQ
FFFFFFFFFFFFFFFFFFFFFFFFQ
FFFFFFFFFFFFFFFFFFFFFFFFQ
OOOOOOOOOOOOOOOOOOOOOOOOO
TTTTTTTTTTTTTTTTTTTTTTTHB
KKKKKKKKKKKKKKKKKKKKKKKKK
GGGGGGGGGGGGGGGGGGGGGGGGG
VVVVVVVVVVVVVVVVVVVVVVVVV
MMMMMMMMMMMMMMMMMMMMMMMMN
UUUUUUUUUUUUUUUUUCCCCCCCC
AAAAAAAAAAAAAAAAAXXXXXXEL
SSSSSSSSSSSSSSSSSSSSSSSSS
ZZZZZZZZZZZZZZZZZZZZZZZZZ
RRRRRRRRRRRRRRRRRRRRRRJJJ
RRRRRRRRRRRRRRRRRRRRRRJJJ
WWWWWWWWWWWWWWWWWWWWWIIDD
YYYYYYYYYYYYYYYYYYYYYPPPP
YYYYYYYYYYYYYYYYYYYYYPPPP
YYYYYYYYYYYYYYYYYYYYYPPPP
YYYYYYYYYYYYYYYYYYYYYPPPP
Case #25: 
AAAAAABBBBBBBBBBBBBBBBBBB
AAAAAABBBBBBBBBBBBBBBBBBB
AAAAAABBBBBBBBBBBBBBBBBBB
AAAAAABBBBBBBBBBBBBBBBBBB
AAAAAABBBBBBBBBBBBBBBBBBB
AAAAAABBBBBBBBBBBBBBBBBBB
AAAAAABBBBBBBBBBBBBBBBBBB
AAAAAABBBBBBBBBBBBBBBBBBB
AAAAAABBBBBBBBBBBBBBBBBBB
AAAAAABBBBBBBBBBBBBBBBBBB
AAAAAABBBBBBBBBBBBBBBBBBB
CCCCCCCCCCCCCCCCCCCCCCCCC
DDDDDDDDDDDDDDDDDDDDDDDDD
EEEEEEEEEEEEEEEEEEEEEEEEE
EEEEEEEEEEEEEEEEEEEEEEEEE
EEEEEEEEEEEEEEEEEEEEEEEEE
EEEEEEEEEEEEEEEEEEEEEEEEE
EEEEEEEEEEEEEEEEEEEEEEEEE
EEEEEEEEEEEEEEEEEEEEEEEEE
EEEEEEEEEEEEEEEEEEEEEEEEE
EEEEEEEEEEEEEEEEEEEEEEEEE
EEEEEEEEEEEEEEEEEEEEEEEEE
EEEEEEEEEEEEEEEEEEEEEEEEE
EEEEEEEEEEEEEEEEEEEEEEEEE
EEEEEEEEEEEEEEEEEEEEEEEEE
Case #26: 
AAAAAA
AAAAAA
AAAAAA
AAAAAA
EEEEEE
BBDCFF
Case #27: 
IIIIIIIIIIIIIIIIIIIIIIIII
IIIIIIIIIIIIIIIIIIIIIIIII
IIIIIIIIIIIIIIIIIIIIIIIII
QQQQQQQQQQQQQQQQQQQQQQQQQ
KKKKKKKKKKKKKKKKKKKKKKKKK
FFFFFFFFFFFFFYYYYYYYYYYYY
NNNNNNNNNNNNEEEEEEEEEEEEE
NNNNNNNNNNNNEEEEEEEEEEEEE
RRRRRRRRRRRRRRRAAAAAAAAAA
ZZZZZZZZDDDDDDDDDDDDVGGGG
ZZZZZZZZDDDDDDDDDDDDVGGGG
TTTTTTTTTTTTTTTTTTTTTTTTT
XXXXXXXXXXXXXXXXXXXXXXXXX
SSSSSSSSSSSSSSSSSSSSSSSSS
SSSSSSSSSSSSSSSSSSSSSSSSS
SSSSSSSSSSSSSSSSSSSSSSSSS
SSSSSSSSSSSSSSSSSSSSSSSSS
OOOOOOOOOOOOOOOOOOOOOOOOO
BBBBBBBBBBBBBBBBBBBBBBBBB
PPPPPPPPPPPPPPPPPPPPPPPPP
MMMMMMMMMMMMMMMMMMMMMMMMM
MMMMMMMMMMMMMMMMMMMMMMMMM
CCCCCCJJJJJJJJJJJJJJJJJJJ
LLLLHHHHHHHHHHHHHHHHHHHHH
UUUUUUUUUUUUWWWWWWWWWWWWW
Case #28: 
CB
AA
Case #29: 
CT
CT
CT
UU
NN
NN
PI
DK
VV
JZ
SS
SS
WO
FF
FF
GG
GG
GG
LX
QA
QA
BB
MM
YR
HE
Case #30: 
EEEEEEEEEEEEEEEEEEEEEEEEE
XXXXXXXXXXXXXXXXXXXXXXXXX
WWWWWWWWWWWWWWWWWWWWWWWWW
GGGGGGGGGGGGGGGGGGGGGGGGG
JJJJJJJJJJJJJJJJJJJJJJJJJ
AAAAAAAAAAAAAAAAAAAAAAAAA
CCCCCCCCCCCCCCCCCCCCCCCCC
PPPPPPPPPPPPPPPPPPPPPPPPP
UUUUUUUUUUUUUUUUIIIIIIIII
UUUUUUUUUUUUUUUUIIIIIIIII
RRRRRRRRRRRRRRRRRRRRRRRRR
ZZZZZZZZZZZZZZZZZZZZQQQQQ
LLLLLLLLLLLLLLLLLLLLLLLLL
MMMMMMMMMMMMMMMMMMMMMMMMM
KKKKKKKKKKKKKKKKKKKFFFFFF
SSSSSSSSSSSSSSSSSSSSSSSSS
TTTTTTTTTTTTTTTTTTTTTTTTT
HHHHHHHHHHHHHHHHHHHHHHHHH
BBBBBBBBBBBBBBBBBBBBBBBBB
OOOOOOOOOOOOOOOOOOOOOOOOO
VVVVVVVVVVVVVVVVVVVVVVVVV
VVVVVVVVVVVVVVVVVVVVVVVVV
DDDDDDDDDDDDDDDDDDDDDDDDD
NNNNNNNNNNNNNNNNNNNNNNNNN
YYYYYYYYYYYYYYYYYYYYYYYYY
Case #31: 
AAAAAAAABBBBBBBBBBBBBBBBB
AAAAAAAABBBBBBBBBBBBBBBBB
CCCCCCCCCCCCCCCCCCCCCCCCC
DDDDDDDDDDDDDDDDDDDDDDDDD
EEEEEEEEEEEEEEEEEEEEEEEEE
EEEEEEEEEEEEEEEEEEEEEEEEE
EEEEEEEEEEEEEEEEEEEEEEEEE
EEEEEEEEEEEEEEEEEEEEEEEEE
EEEEEEEEEEEEEEEEEEEEEEEEE
EEEEEEEEEEEEEEEEEEEEEEEEE
EEEEEEEEEEEEEEEEEEEEEEEEE
EEEEEEEEEEEEEEEEEEEEEEEEE
EEEEEEEEEEEEEEEEEEEEEEEEE
EEEEEEEEEEEEEEEEEEEEEEEEE
EEEEEEEEEEEEEEEEEEEEEEEEE
FFFFFFFFFFFFFFFFFFFFHHHHH
JJJJJJJJJJJJJJJJJJJJJJJJJ
JJJJJJJJJJJJJJJJJJJJJJJJJ
JJJJJJJJJJJJJJJJJJJJJJJJJ
JJJJJJJJJJJJJJJJJJJJJJJJJ
GGGGGGGGGGGGGGGGGGGGGIIII
GGGGGGGGGGGGGGGGGGGGGIIII
GGGGGGGGGGGGGGGGGGGGGIIII
GGGGGGGGGGGGGGGGGGGGGIIII
GGGGGGGGGGGGGGGGGGGGGIIII
Case #32: 
MMMMMMMMMMMMMMMMMMMMMMMMM
MMMMMMMMMMMMMMMMMMMMMMMMM
MMMMMMMMMMMMMMMMMMMMMMMMM
MMMMMMMMMMMMMMMMMMMMMMMMM
MMMMMMMMMMMMMMMMMMMMMMMMM
MMMMMMMMMMMMMMMMMMMMMMMMM
MMMMMMMMMMMMMMMMMMMMMMMMM
TTTTTTTTTTTTTTTTTTTTTTTTR
HHHHHHHHHHHHHHHHHHHHHHHHW
CCCCCCCCCCCCCCCCCCCCCCCCC
KKKKKKKKKKKKKKKKKKKKKKKKV
BBBBBBBBBBBBBBBBBBBBSDAAG
XXXXXXXXXXXXXXXXXXXUIFFFF
NNNNNNNNNNNNNNNNNNNNNYYLJ
EEEEEEEEEEEEEEEEEEEEEEEEQ
ZZZZZZZZZZZZZZZZZZZZZZZZZ
OOOOOOOOOOOOOOOOOOOOOOOOO
PPPPPPPPPPPPPPPPPPPPPPPPP
PPPPPPPPPPPPPPPPPPPPPPPPP
PPPPPPPPPPPPPPPPPPPPPPPPP
PPPPPPPPPPPPPPPPPPPPPPPPP
PPPPPPPPPPPPPPPPPPPPPPPPP
PPPPPPPPPPPPPPPPPPPPPPPPP
PPPPPPPPPPPPPPPPPPPPPPPPP
PPPPPPPPPPPPPPPPPPPPPPPPP
Case #33: 
KKKKKKKKKKTTTTTTTTTTTTTTT
IIIIIIIIIIIIIIIIIIIIIIIII
IIIIIIIIIIIIIIIIIIIIIIIII
FFFFFFFFFFFFFFFFFFFFFFFFF
FFFFFFFFFFFFFFFFFFFFFFFFF
YYYYYYYYYYYYYYYYYYYYYYYYY
RRRRRRRRRRRRRRRRRRRRRRRRC
AAAAAAAAAAAAAAAAAAAAAAAAA
DDDDDDDBBBBBBBBMMMMMMMMMM
VVVVVVVVVVVVVVVWWWWWWWWWW
JJJJJJJJJJJLLLLLLLLLLLLLL
UUUUUUUUUUUUUUUUUUUUUUUUU
UUUUUUUUUUUUUUUUUUUUUUUUU
GGGGGGGGGGGGGGGGGGGGGXXXX
GGGGGGGGGGGGGGGGGGGGGXXXX
PPPPPPPPPPPPPPPPPPPPPPPPP
NNNNNNNNNNNNNNNNNNNNNNNNN
OOOOOOOOOOOOOOOOOQQQQQQQQ
HHHHHHHHHHHHHHHHHHHHHHHHH
HHHHHHHHHHHHHHHHHHHHHHHHH
EEEEEEEEEEEEEEEEEEEEEEEEE
EEEEEEEEEEEEEEEEEEEEEEEEE
SSSSSSSSSSSSSSSSSSSSSSSSS
SSSSSSSSSSSSSSSSSSSSSSSSS
Case #34: 
AAAAAAAAAAAAAAAAAAAAAAAAA
BBBBBBBBBBBBBBBBBBBBBBBBB
CCCCCCCCCCCCCCCCCCCCCCCCC
DDDDDDDDDDDDDDDDDDDDDDDDD
EEEEEEEEEEEEEEEEEEEEEEEEE
FFFFFFFFFFFFFFFFFFFFFFFFF
GGGGGGGGGGGGGGGGGGGGGGGGG
HHHHHHHHHHHHHHHHHHHHHHHHH
IIIIIIIIIIIIIIIIIIIIIIIII
JJJJJJJJJJJJJJJJJJJJJJJJJ
KKKKKKKKKKKKKKKKKKKKKKKKK
LLLLLLLLLLLLLLLLLLLLLLLLL
MMMMMMMMMMMMMMMMMMMMMMMMM
NNNNNNNNNNNNNNNNNNNNNNNNN
OOOOOOOOOOOOOOOOOOOOOOOOO
PPPPPPPPPPPPPPPPPPPPPPPPP
QQQQQQQQQQQQQQQQQQQQQQQQQ
RRRRRRRRRRRRRRRRRRRRRRRRR
SSSSSSSSSSSSSSSSSSSSSSSSS
TTTTTTTTTTTTTTTTTTTTTTTTT
UUUUUUUUUUUUUUUUUUUUUUUUU
VVVVVVVVVVVVVVVVVVVVVVVVV
WWWWWWWWWWWWWWWWWWWWWWWWW
XXXXXXXXXXXXXXXXXXXXXXXXX
YYYYYYYYYYYYYYYYYYYYYYYYY
Case #35: 
DDDDDDDDDDDDDDDDDDDDDDDDD
DDDDDDDDDDDDDDDDDDDDDDDDD
DDDDDDDDDDDDDDDDDDDDDDDDD
DDDDDDDDDDDDDDDDDDDDDDDDD
DDDDDDDDDDDDDDDDDDDDDDDDD
DDDDDDDDDDDDDDDDDDDDDDDDD
DDDDDDDDDDDDDDDDDDDDDDDDD
DDDDDDDDDDDDDDDDDDDDDDDDD
DDDDDDDDDDDDDDDDDDDDDDDDD
DDDDDDDDDDDDDDDDDDDDDDDDD
DDDDDDDDDDDDDDDDDDDDDDDDD
DDDDDDDDDDDDDDDDDDDDDDDDD
DDDDDDDDDDDDDDDDDDDDDDDDD
DDDDDDDDDDDDDDDDDDDDDDDDD
DDDDDDDDDDDDDDDDDDDDDDDDD
DDDDDDDDDDDDDDDDDDDDDDDDD
MMMMMMMMMMMMMMMMMMMMQQQOO
FFFFFFFFFFFFFFFFFFFFFFFFC
JJJJJJJJJJJJJJJJJJJLNNGKK
BBBBBBBBBBBBBBBBBBBBHHHHH
ZZZZZZZZZZZZZZZZZZZZIPTTY
WWWWWWWWWWWWWWWWWWWXXXVES
RRRRRRRRRRRRRRRRRRRRRAAAA
UUUUUUUUUUUUUUUUUUUUUUUUU
UUUUUUUUUUUUUUUUUUUUUUUUU
Case #36: 
AAAAAAAAAAAABBBBBBBBBBBBB
AAAAAAAAAAAABBBBBBBBBBBBB
AAAAAAAAAAAABBBBBBBBBBBBB
AAAAAAAAAAAABBBBBBBBBBBBB
AAAAAAAAAAAABBBBBBBBBBBBB
AAAAAAAAAAAABBBBBBBBBBBBB
AAAAAAAAAAAABBBBBBBBBBBBB
AAAAAAAAAAAABBBBBBBBBBBBB
AAAAAAAAAAAABBBBBBBBBBBBB
AAAAAAAAAAAABBBBBBBBBBBBB
AAAAAAAAAAAABBBBBBBBBBBBB
AAAAAAAAAAAABBBBBBBBBBBBB
AAAAAAAAAAAABBBBBBBBBBBBB
AAAAAAAAAAAABBBBBBBBBBBBB
AAAAAAAAAAAABBBBBBBBBBBBB
AAAAAAAAAAAABBBBBBBBBBBBB
AAAAAAAAAAAABBBBBBBBBBBBB
AAAAAAAAAAAABBBBBBBBBBBBB
AAAAAAAAAAAABBBBBBBBBBBBB
CCCCCCCCCCCCCCCCCCCCCCCCC
DDDDDDDDDDDDDDDDDDDDDDDDD
EEEEEEEEEEEEEEEEEEEEEEEEE
EEEEEEEEEEEEEEEEEEEEEEEEE
EEEEEEEEEEEEEEEEEEEEEEEEE
EEEEEEEEEEEEEEEEEEEEEEEEE
Case #37: 
KKKKKKKKKKKKKKKKKKKKKKXXX
EEEEEEEEEEEEEEEEEEEEEEEEE
CCCCCCCCCCCCCCGGGIIIIIIII
OOOOOOOOOOOOOOOOOOOOOOOOO
YYYYYYYYYYYYYYYYYYYYYYYYY
SSSSSSSSSSSSSSSSSSSSSSSSS
RRRRRRRRFFFFFFFFFFFFFFFFF
QQQQQQQQQQQQQQQQQQQQQQQQQ
UUUUUUUUUUUUUUUUUUUUUUUUU
UUUUUUUUUUUUUUUUUUUUUUUUU
UUUUUUUUUUUUUUUUUUUUUUUUU
WWWWWWWWBBBBBBBBBBBBBBTTT
ZZZZZZZZZZZZZZZZZZZZZZLLL
ZZZZZZZZZZZZZZZZZZZZZZLLL
HHHHHHHJJJJJJJJJJJJJJJJJJ
NNNNNNNNNNNNNNNNNNNNNNNNN
NNNNNNNNNNNNNNNNNNNNNNNNN
AAAAAAAAAAAAAAAAAAAAAAAAA
AAAAAAAAAAAAAAAAAAAAAAAAA
AAAAAAAAAAAAAAAAAAAAAAAAA
AAAAAAAAAAAAAAAAAAAAAAAAA
DDDDDDDDDDDDDDDDDDDDDDDDD
PPPPPPPPPPPPPPPPPPPPPPPPP
VVVVVVVVVVVVVVVVVMMMMMMMM
VVVVVVVVVVVVVVVVVMMMMMMMM
Case #38: 
HHHHH
KKOLL
INDFB
AMEPJ
CCCCG
Case #39: 
GGGG
GGGG
AAAA
BBCF
HHHD
EEEE
Case #40: 
EEEEEEEEEEEEEEEEEEEEEEEE
EEEEEEEEEEEEEEEEEEEEEEEE
LLLLLLLLLLLLLLLLLLLLLLLL
WWWWWWWWWWWWWWWWWWWWWWWW
SSSSSSSSSSSSSSSSSSSSSSSS
SSSSSSSSSSSSSSSSSSSSSSSS
QQQQQQQQQQQQQQQQQQQQQGGP
DDDDDDDDDDDDDDDDDDDDOOOO
FFFFFFFFFFFFFFFFKKKKKKKA
FFFFFFFFFFFFFFFFKKKKKKKA
FFFFFFFFFFFFFFFFKKKKKKKA
XXXXXXXXXXXXXXXXXXXXXXXX
XXXXXXXXXXXXXXXXXXXXXXXX
XXXXXXXXXXXXXXXXXXXXXXXX
JJJJJJJJJJJJJJJJJJJJJJHH
TTTTTTTTTTTTTTTTTTTTTTTT
UUUUUUUUUUUUUUUUUUUUUUUU
MMMMMMMMMMMMMMMMMMMMMMMM
MMMMMMMMMMMMMMMMMMMMMMMM
IIIIIIIIIIIIIIIIIIIIIIII
IIIIIIIIIIIIIIIIIIIIIIII
RRRRRRRRRRRRRRRRRRVVVVVV
NNNNNNNNNNNNNNNNNNNNYYYY
CCCCCCCCCCCCCCCCCCCCCCCC
BBBBBBBBBBBBBBBBBBBBBBBB
Case #41: 
DC
AB
Case #42: 
AB
Case #43: 
AAAAAAAAAAAAAAAAAAAAAAAAA
BBBBBBBBBBBBBBBBBBBBBBBBB
CCCCCCCCCCCCCCCCCCCCCCCCC
DDDDDDDDDDDDDDDDDDDDDDDDD
EEEEEEEEEEEEEEEEEEEEEEEEE
FFFFFFFFFFFFFFFFFFFFFFFFF
GGGGGGGGGGGGGGGGGGGGGGGGG
HHHHHHHHHHHHHHHHHHHHHHHHH
IIIIIIIIIIIIIIIIIIIIIIIII
JJJJJJJJJJJJJJJJJJJJJJJJJ
KKKKKKKKKKKKKKKKKKKKKKKKK
LLLLLLLLLLLLLLLLLLLLLLLLL
MMMMMMMMMMMMMMMMMMMMMMMMM
NNNNNNNNNNNNNNNNNNNNNNNNN
OOOOOOOOOOOOOOOOOOOOOOOOO
PPPPPPPPPPPPPPPPPPPPPPPPP
QQQQQQQQQQQQQQQQQQQQQQQQQ
RRRRRRRRRRRRRRRRRRRRRRRRR
SSSSSSSSSSSSSSSSSSSSSSSSS
TTTTTTTTTTTTTTTTTTTTTTTTT
UUUUUUUUUUUUUUUUUUUUUUUUU
VVVVVVVVVVVVVVVVVVVVVVVVV
WWWWWWWWWWWWWWWWWWWWWWWWW
XXXXXXXXXXXXXXXXXXXXXXXXX
YYYYYYYYYYYYYYYYYYYYYYYYY
Case #44: 
CCCPPPEESSSSYYYYQQVHGMMUA
BBBNTZKOOOJJDFIWLLXXXXRRR
Case #45: 
LGFK
MMIJ
BHAE
DCCC
Case #46: 
OOOOOOOOOOOOOOOOOOOOOOOOO
JJJJJJJJJJJJJJJJJJJJJJJJJ
JJJJJJJJJJJJJJJJJJJJJJJJJ
AAAAAAAAAAAAAAAAAAAAAAAAA
AAAAAAAAAAAAAAAAAAAAAAAAA
PPPPPPPPPPPPPPPPPPPPPPPPP
PPPPPPPPPPPPPPPPPPPPPPPPP
PPPPPPPPPPPPPPPPPPPPPPPPP
IIIIIIIIIIIIIIIIIIIIIIIII
IIIIIIIIIIIIIIIIIIIIIIIII
NNNNNNNNNNNNNNNNNNNNNNNNN
SSSSSSSSSSSSSSSSSSSSSSSSS
CCCCCCCCCCTTTEEEEEEEZZZZZ
CCCCCCCCCCTTTEEEEEEEZZZZZ
XXXXXXXXXXXXXXXXXXXFFFFFF
RRRRRRRRRRRRRRRRRRRRRRRRR
UUUUUUUUUUUUUUUUUUUUUUUUU
UUUUUUUUUUUUUUUUUUUUUUUUU
LLLLLLLLLLLLLLLLLLLLLLLLL
BBBBBBBBBBDDDDDDDDDDDDDDD
YYYYYYYYMMMMMMMMMMMKKKKKK
GGGGGGGGGGGGGGGGGGGGGGGGG
GGGGGGGGGGGGGGGGGGGGGGGGG
GGGGGGGGGGGGGGGGGGGGGGGGG
HHHWWWWWWVVVVVVQQQQQQQQQQ
Case #47: 
AAACCCCCCCCCCCCCCCCCCCCCC
AAACCCCCCCCCCCCCCCCCCCCCC
AAACCCCCCCCCCCCCCCCCCCCCC
AAACCCCCCCCCCCCCCCCCCCCCC
AAACCCCCCCCCCCCCCCCCCCCCC
AAACCCCCCCCCCCCCCCCCCCCCC
AAACCCCCCCCCCCCCCCCCCCCCC
AAACCCCCCCCCCCCCCCCCCCCCC
AAACCCCCCCCCCCCCCCCCCCCCC
AAACCCCCCCCCCCCCCCCCCCCCC
AAACCCCCCCCCCCCCCCCCCCCCC
AAACCCCCCCCCCCCCCCCCCCCCC
EEEEEEEEEEEEEEEEEEEEEEEEE
EEEEEEEEEEEEEEEEEEEEEEEEE
EEEEEEEEEEEEEEEEEEEEEEEEE
EEEEEEEEEEEEEEEEEEEEEEEEE
BBBBDDDDDDDDDDDDDDDDDDDDD
BBBBDDDDDDDDDDDDDDDDDDDDD
BBBBDDDDDDDDDDDDDDDDDDDDD
BBBBDDDDDDDDDDDDDDDDDDDDD
BBBBDDDDDDDDDDDDDDDDDDDDD
BBBBDDDDDDDDDDDDDDDDDDDDD
BBBBDDDDDDDDDDDDDDDDDDDDD
BBBBDDDDDDDDDDDDDDDDDDDDD
BBBBDDDDDDDDDDDDDDDDDDDDD
Case #48: 
AAAAAAAAAAAAAAAAAAAAAAAAA
BBBBBBBBBBBBBBBBBBBBBBBBB
CCCCCCCCCCCCCCCCCCCCCCCCC
DDDDDDDDDDDDDDDDDDDDDDDDD
EEEEEEEEEEEEEEEEEEEEEEEEE
FFFFFFFFFFFFFFFFFFFFFFFFF
GGGGGGGGGGGGGGGGGGGGGGGGG
HHHHHHHHHHHHHHHHHHHHHHHHH
IIIIIIIIIIIIIIIIIIIIIIIII
JJJJJJJJJJJJJJJJJJJJJJJJJ
KKKKKKKKKKKKKKKKKKKKKKKKK
LLLLLLLLLLLLLLLLLLLLLLLLL
MMMMMMMMMMMMMMMMMMMMMMMMM
NNNNNNNNNNNNNNNNNNNNNNNNN
OOOOOOOOOOOOOOOOOOOOOOOOO
PPPPPPPPPPPPPPPPPPPPPPPPP
QQQQQQQQQQQQQQQQQQQQQQQQQ
RRRRRRRRRRRRRRRRRRRRRRRRR
SSSSSSSSSSSSSSSSSSSSSSSSS
TTTTTTTTTTTTTTTTTTTTTTTTT
UUUUUUUUUUUUUUUUUUUUUUUUU
VVVVVVVVVVVVVVVVVVVVVVVVV
WWWWWWWWWWWWWWWWWWWWWWWWW
XXXXXXXXXXXXXXXXXXXXXXXXX
YYYYYYYYYYYYYYYYYYYYYYYYY
Case #49: 
AAAAAAAACCCCCCCCCCCCCCCCC
AAAAAAAACCCCCCCCCCCCCCCCC
AAAAAAAACCCCCCCCCCCCCCCCC
AAAAAAAACCCCCCCCCCCCCCCCC
AAAAAAAACCCCCCCCCCCCCCCCC
AAAAAAAACCCCCCCCCCCCCCCCC
AAAAAAAACCCCCCCCCCCCCCCCC
EEEEEEEEEEEEEEEEEEEEEEEEE
EEEEEEEEEEEEEEEEEEEEEEEEE
EEEEEEEEEEEEEEEEEEEEEEEEE
EEEEEEEEEEEEEEEEEEEEEEEEE
BBBBBBBBBDDDDDDDDDDDDDDDD
BBBBBBBBBDDDDDDDDDDDDDDDD
BBBBBBBBBDDDDDDDDDDDDDDDD
BBBBBBBBBDDDDDDDDDDDDDDDD
BBBBBBBBBDDDDDDDDDDDDDDDD
BBBBBBBBBDDDDDDDDDDDDDDDD
BBBBBBBBBDDDDDDDDDDDDDDDD
BBBBBBBBBDDDDDDDDDDDDDDDD
BBBBBBBBBDDDDDDDDDDDDDDDD
BBBBBBBBBDDDDDDDDDDDDDDDD
FFFFFFFFFFFFFFFFFFFFFGGGG
HHHHHHHHHHHHHHHHHHHHHHHHH
IIIIIIIIIIIIIIIIIIIIIIIII
JJJJJJJJJJJJJJJJJJJJJJJJJ
Case #50: 
EEE
AFF
CDG
BBB
BBB
Case #51: 
AAAAACCCCCCCCCCCCCCCCCCCC
AAAAACCCCCCCCCCCCCCCCCCCC
AAAAACCCCCCCCCCCCCCCCCCCC
AAAAACCCCCCCCCCCCCCCCCCCC
AAAAACCCCCCCCCCCCCCCCCCCC
AAAAACCCCCCCCCCCCCCCCCCCC
AAAAACCCCCCCCCCCCCCCCCCCC
AAAAACCCCCCCCCCCCCCCCCCCC
AAAAACCCCCCCCCCCCCCCCCCCC
AAAAACCCCCCCCCCCCCCCCCCCC
AAAAACCCCCCCCCCCCCCCCCCCC
AAAAACCCCCCCCCCCCCCCCCCCC
AAAAACCCCCCCCCCCCCCCCCCCC
AAAAACCCCCCCCCCCCCCCCCCCC
AAAAACCCCCCCCCCCCCCCCCCCC
EEEEEEEEEEEEEEEEEEEEEEEEE
EEEEEEEEEEEEEEEEEEEEEEEEE
EEEEEEEEEEEEEEEEEEEEEEEEE
EEEEEEEEEEEEEEEEEEEEEEEEE
BBBBBBDDDDDDDDDDDDDDDDDDD
BBBBBBDDDDDDDDDDDDDDDDDDD
BBBBBBDDDDDDDDDDDDDDDDDDD
BBBBBBDDDDDDDDDDDDDDDDDDD
BBBBBBDDDDDDDDDDDDDDDDDDD
BBBBBBDDDDDDDDDDDDDDDDDDD
Case #52: 
AA
AA
Case #53: 
CCCC
EEAF
BGDD
Case #54: 
AAAAACCCCCCCCCCCCCCCCCCCC
EEEEEEEEEEEEEEEEEEEEEEEEE
EEEEEEEEEEEEEEEEEEEEEEEEE
EEEEEEEEEEEEEEEEEEEEEEEEE
EEEEEEEEEEEEEEEEEEEEEEEEE
BBBBBBDDDDDDDDDDDDDDDDDDD
BBBBBBDDDDDDDDDDDDDDDDDDD
BBBBBBDDDDDDDDDDDDDDDDDDD
BBBBBBDDDDDDDDDDDDDDDDDDD
BBBBBBDDDDDDDDDDDDDDDDDDD
BBBBBBDDDDDDDDDDDDDDDDDDD
BBBBBBDDDDDDDDDDDDDDDDDDD
FFFFFFFFFFFFFFFFFFFGGGGGG
HHHHHHHHHHHHHHHHHHHHHHHHH
IIIIIIIIIIIIIIIIIIIIIIIII
JJJJJJJJJJJJJJJJJJJJJJJJJ
JJJJJJJJJJJJJJJJJJJJJJJJJ
JJJJJJJJJJJJJJJJJJJJJJJJJ
JJJJJJJJJJJJJJJJJJJJJJJJJ
JJJJJJJJJJJJJJJJJJJJJJJJJ
JJJJJJJJJJJJJJJJJJJJJJJJJ
JJJJJJJJJJJJJJJJJJJJJJJJJ
JJJJJJJJJJJJJJJJJJJJJJJJJ
JJJJJJJJJJJJJJJJJJJJJJJJJ
JJJJJJJJJJJJJJJJJJJJJJJJJ
Case #55: 
AAAAAAAAAAAAAAAAAAAAAAAAA
BBBBBBBBBBBBBBBBBBBBBBBBB
CCCCCCCCCCCCCCCCCCCCCCCCC
DDDDDDDDDDDDDDDDDDDDDDDDD
EEEEEEEEEEEEEEEEEEEEEEEEE
FFFFFFFFFFFFFFFFFFFFFFFFF
GGGGGGGGGGGGGGGGGGGGGGGGG
HHHHHHHHHHHHHHHHHHHHHHHHH
IIIIIIIIIIIIIIIIIIIIIIIII
JJJJJJJJJJJJJJJJJJJJJJJJJ
KKKKKKKKKKKKKKKKKKKKKKKKK
LLLLLLLLLLLLLLLLLLLLLLLLL
MMMMMMMMMMMMMMMMMMMMMMMMM
NNNNNNNNNNNNNNNNNNNNNNNNN
OOOOOOOOOOOOOOOOOOOOOOOOO
PPPPPPPPPPPPPPPPPPPPPPPPP
QQQQQQQQQQQQQQQQQQQQQQQQQ
RRRRRRRRRRRRRRRRRRRRRRRRR
SSSSSSSSSSSSSSSSSSSSSSSSS
TTTTTTTTTTTTTTTTTTTTTTTTT
UUUUUUUUUUUUUUUUUUUUUUUUU
VVVVVVVVVVVVVVVVVVVVVVVVV
WWWWWWWWWWWWWWWWWWWWWWWWW
XXXXXXXXXXXXXXXXXXXXXXXXX
YYYYYYYYYYYYYYYYYYYYYYYYY
Case #56: 
MMMMMMMMMMMMMMMMMMMMMMMMM
DDDDDDDDDDDJJJJJJJJJJJJJJ
GGGGGGLLLLLLLLLIIIIIIIIII
PPPPPPPPPPPPPPPPPPPPPPPPP
PPPPPPPPPPPPPPPPPPPPPPPPP
RRRRRRRRRRRRRRRRRRRRRRRRR
AAAAAAAAAAAAAAAAAAAAAAAAA
EEEEEEEEEEEEEEEEEEEEEEEEE
CCCCCCCCCCCCCCCCCCCCCCCCC
CCCCCCCCCCCCCCCCCCCCCCCCC
CCCCCCCCCCCCCCCCCCCCCCCCC
OOOOOOOOOOOOKKKKKKKKKKKKK
UUUUUUUUUUUUUUUUUUUUUUUUU
WWWWWWWWWWHHHHHHHHHHHHHHH
TTTTTTTTTTTTTTTTBBBBBBBBB
FFFFFFFFFFFFFFFFFSSSVVVVV
XXXXXXXXXXXXXXXXXXXXXXXXX
ZZZZZZZZZZZZZZZZZZZZZZZZY
ZZZZZZZZZZZZZZZZZZZZZZZZY
QQQQQQQQQQQQQQQQQQQQNNNNN
QQQQQQQQQQQQQQQQQQQQNNNNN
QQQQQQQQQQQQQQQQQQQQNNNNN
QQQQQQQQQQQQQQQQQQQQNNNNN
QQQQQQQQQQQQQQQQQQQQNNNNN
QQQQQQQQQQQQQQQQQQQQNNNNN
Case #57: 
ABCDEFGHIJKLMNOPQRSTUVWXY
ABCDEFGHIJKLMNOPQRSTUVWXY
ABCDEFGHIJKLMNOPQRSTUVWXY
ABCDEFGHIJKLMNOPQRSTUVWXY
ABCDEFGHIJKLMNOPQRSTUVWXY
ABCDEFGHIJKLMNOPQRSTUVWXY
ABCDEFGHIJKLMNOPQRSTUVWXY
ABCDEFGHIJKLMNOPQRSTUVWXY
ABCDEFGHIJKLMNOPQRSTUVWXY
ABCDEFGHIJKLMNOPQRSTUVWXY
ABCDEFGHIJKLMNOPQRSTUVWXY
ABCDEFGHIJKLMNOPQRSTUVWXY
ABCDEFGHIJKLMNOPQRSTUVWXY
ABCDEFGHIJKLMNOPQRSTUVWXY
ABCDEFGHIJKLMNOPQRSTUVWXY
ABCDEFGHIJKLMNOPQRSTUVWXY
ABCDEFGHIJKLMNOPQRSTUVWXY
ABCDEFGHIJKLMNOPQRSTUVWXY
ABCDEFGHIJKLMNOPQRSTUVWXY
ABCDEFGHIJKLMNOPQRSTUVWXY
ABCDEFGHIJKLMNOPQRSTUVWXY
ABCDEFGHIJKLMNOPQRSTUVWXY
ABCDEFGHIJKLMNOPQRSTUVWXY
ABCDEFGHIJKLMNOPQRSTUVWXY
ABCDEFGHIJKLMNOPQRSTUVWXY
Case #58: 
AA
BB
Case #59: 
VVVVVVVVVVVVVVVVVVVVVVVVV
VVVVVVVVVVVVVVVVVVVVVVVVV
VVVVVVVVVVVVVVVVVVVVVVVVV
VVVVVVVVVVVVVVVVVVVVVVVVV
VVVVVVVVVVVVVVVVVVVVVVVVV
RRRRRRRRRRRRRRRRRRRRRRRRR
HHHHHHHHHHHHHHHHHHHHHHHHH
EEEEEEEEEEEEEEEEEEEECQQQQ
WWWWWWWWWWWWWWWWWWWNNNNNN
IIIIIIIIIIIIIIIIIIIIIIIII
XXXXXXXXXXXXXXXXUPZZZZZZZ
DDDDDDDDDDDDDDDDDDDDDDDDD
YYYYYYYYYYYYJAAAAAAAAAAAA
LLLLLLLLLLLLLLLLLLLLLLSSS
TTTTTTTTTTTTTTTTTTTTTTTTT
GGGGGGGGGGGGGGGGFFFKKOOOO
BBBBBBBBBBBBBBBBBBBBBBBBB
BBBBBBBBBBBBBBBBBBBBBBBBB
MMMMMMMMMMMMMMMMMMMMMMMMM
MMMMMMMMMMMMMMMMMMMMMMMMM
MMMMMMMMMMMMMMMMMMMMMMMMM
MMMMMMMMMMMMMMMMMMMMMMMMM
MMMMMMMMMMMMMMMMMMMMMMMMM
MMMMMMMMMMMMMMMMMMMMMMMMM
MMMMMMMMMMMMMMMMMMMMMMMMM
Case #60: 
CBD
FFF
AAE
Case #61: 
YYYYYYYYYYYYYYYYYYYOOOOOO
YYYYYYYYYYYYYYYYYYYOOOOOO
YYYYYYYYYYYYYYYYYYYOOOOOO
BBBBBBBBBBBBBBBBBBBBBBBBB
PPPPPPPPPPPPPPPPPPPPPPPPP
NNNNNNNNNNNNNNNNNNNNNNNNN
TTTTTTTTTTTTTTTFFFFFFFFFF
ZZZZZZZZZZZZZZZZZZZZZZZZZ
CCCCCCCAAAASSSSSSSSSSSSSS
WWWWWWWWWWWWQQQQQQQQQQQQQ
JJJJJJJJJJJJJJJJJJJJJJJJJ
UUUUUUUUUUULLLLLLLLLLLLLL
UUUUUUUUUUULLLLLLLLLLLLLL
IIIIIIIIIIIIIIIIIIIIIIIII
XXXXXXXXXXXXXXXXXXXXXXXXX
XXXXXXXXXXXXXXXXXXXXXXXXX
KKKKKKKKKKKKKKKKKKKKKVVVV
KKKKKKKKKKKKKKKKKKKKKVVVV
MMMMMMMMMMMMMMMMMMMMMMMGG
MMMMMMMMMMMMMMMMMMMMMMMGG
DDDDDDDDDDDDDDDDDDDDDDDDD
DDDDDDDDDDDDDDDDDDDDDDDDD
HHHHHHHHHHHHHHHHHHHHHHHHH
EEEEEEEEEEEEEEEEEEEEEEEEE
RRRRRRRRRRRRRRRRRRRRRRRRR
Case #62: 
B
B
A
A
A
A
E
L
D
J
J
J
J
I
F
C
C
G
G
G
M
M
H
H
K
Case #63: 
MMMMMMMMMMMMMMMMMMMMMMMMM
MMMMMMMMMMMMMMMMMMMMMMMMM
MMMMMMMMMMMMMMMMMMMMMMMMM
MMMMMMMMMMMMMMMMMMMMMMMMM
MMMMMMMMMMMMMMMMMMMMMMMMM
MMMMMMMMMMMMMMMMMMMMMMMMM
MMMMMMMMMMMMMMMMMMMMMMMMM
IIIIIIIIIIIIIIIISYZQQQQQQ
CCCCCCCCCCCCCCCCCDDDVVVVV
PPPPPPPPPPPPPPPPPUUAAAAAA
NNNNNNNNNNNNNNNWWWOBBBBBB
KKKKKKKKKKKKKKKKKKXXXEEEE
TTTTTTTTTTTTTTTTTHHGGGGGG
RRRRRRRRRRRRRRRRRFLLLLLLL
JJJJJJJJJJJJJJJJJJJJJJJJJ
JJJJJJJJJJJJJJJJJJJJJJJJJ
JJJJJJJJJJJJJJJJJJJJJJJJJ
JJJJJJJJJJJJJJJJJJJJJJJJJ
JJJJJJJJJJJJJJJJJJJJJJJJJ
JJJJJJJJJJJJJJJJJJJJJJJJJ
JJJJJJJJJJJJJJJJJJJJJJJJJ
JJJJJJJJJJJJJJJJJJJJJJJJJ
JJJJJJJJJJJJJJJJJJJJJJJJJ
JJJJJJJJJJJJJJJJJJJJJJJJJ
JJJJJJJJJJJJJJJJJJJJJJJJJ
Case #64: 
TTTTTTTTTTTTTTTTTTTTTTTTT
TTTTTTTTTTTTTTTTTTTTTTTTT
TTTTTTTTTTTTTTTTTTTTTTTTT
TTTTTTTTTTTTTTTTTTTTTTTTT
TTTTTTTTTTTTTTTTTTTTTTTTT
TTTTTTTTTTTTTTTTTTTTTTTTT
TTTTTTTTTTTTTTTTTTTTTTTTT
TTTTTTTTTTTTTTTTTTTTTTTTT
TTTTTTTTTTTTTTTTTTTTTTTTT
TTTTTTTTTTTTTTTTTTTTTTTTT
TTTTTTTTTTTTTTTTTTTTTTTTT
TTTTTTTTTTTTTTTTTTTTTTTTT
TTTTTTTTTTTTTTTTTTTTTTTTT
TTTTTTTTTTTTTTTTTTTTTTTTT
TTTTTTTTTTTTTTTTTTTTTTTTT
TTTTTTTTTTTTTTTTTTTTTTTTT
TTTTTTTTTTTTTTTTTTTTTTTTT
NNNNNNNNNNNNNNNNNNNNNNNNM
CCCCCCCCCCCCCCCCCCCCCCCCY
GGGGGGGGGGGGGGGGGGGGGGGGD
KKKKKKKKKKKKKKKKKKKKKKKAJ
XXXXXXXXXXXXXXXXXXSSSVOOO
RRRRRRRRRRRRRRRRRRRRZZUUP
WWWWWWWWWWWWWWWWWWWWWQFFB
LLLLLLLLLLLLLLLLLLLLLLHEI
Case #65: 
AAAAAAAAABBBBBBBBBBBBBBBB
AAAAAAAAABBBBBBBBBBBBBBBB
CCCCCCCCCCCCCCCCCCCCCCCCC
DDDDDDDDDDDDDDDDDDDDDDDDD
EEEEEEEEEEEEEEEEEEEEEEEEE
EEEEEEEEEEEEEEEEEEEEEEEEE
EEEEEEEEEEEEEEEEEEEEEEEEE
EEEEEEEEEEEEEEEEEEEEEEEEE
EEEEEEEEEEEEEEEEEEEEEEEEE
EEEEEEEEEEEEEEEEEEEEEEEEE
EEEEEEEEEEEEEEEEEEEEEEEEE
EEEEEEEEEEEEEEEEEEEEEEEEE
EEEEEEEEEEEEEEEEEEEEEEEEE
EEEEEEEEEEEEEEEEEEEEEEEEE
EEEEEEEEEEEEEEEEEEEEEEEEE
EEEEEEEEEEEEEEEEEEEEEEEEE
FFFFFFFFFFFFFHHHHHHHHHHHH
JJJJJJJJJJJJJJJJJJJJJJJJJ
JJJJJJJJJJJJJJJJJJJJJJJJJ
JJJJJJJJJJJJJJJJJJJJJJJJJ
JJJJJJJJJJJJJJJJJJJJJJJJJ
GGGGGGGGGGGGGGIIIIIIIIIII
GGGGGGGGGGGGGGIIIIIIIIIII
GGGGGGGGGGGGGGIIIIIIIIIII
GGGGGGGGGGGGGGIIIIIIIIIII
Case #66: 
VVVVVVVVVVVVVVVVVVVELLLLL
VVVVVVVVVVVVVVVVVVVELLLLL
VVVVVVVVVVVVVVVVVVVELLLLL
VVVVVVVVVVVVVVVVVVVELLLLL
VVVVVVVVVVVVVVVVVVVELLLLL
YYYYYYYYYYYYYYYYYYYYYUUUU
DDDDDDDDDDDDDDDDDDDDDDDDD
QQQQQQQQQQQQQQQQQQQQQQQQJ
IIIIIIIIIIIIIIIIIIZKCCCRW
GGGGGGGGGGGGGGGGGGGGGGGGG
FFFFFFFFFFFFFFFFFOPNNNNAA
TTTTTTTTTTTTTTTTTTTTTTTTT
TTTTTTTTTTTTTTTTTTTTTTTTT
MMMMMMMMMMMMMMMMMMMSSSSSS
BBBBBBBBBBBBBBBBBBBBBBBBB
XXXXXXXXXXXXXXXXXXXXXXXXX
HHHHHHHHHHHHHHHHHHHHHHHHH
HHHHHHHHHHHHHHHHHHHHHHHHH
HHHHHHHHHHHHHHHHHHHHHHHHH
HHHHHHHHHHHHHHHHHHHHHHHHH
HHHHHHHHHHHHHHHHHHHHHHHHH
HHHHHHHHHHHHHHHHHHHHHHHHH
HHHHHHHHHHHHHHHHHHHHHHHHH
HHHHHHHHHHHHHHHHHHHHHHHHH
HHHHHHHHHHHHHHHHHHHHHHHHH
Case #67: 
VVVVVVVVVVVVVVVVVVVVVVVVV
VVVVVVVVVVVVVVVVVVVVVVVVV
VVVVVVVVVVVVVVVVVVVVVVVVV
AAAAAAAAAAAAAAAAAAAAAAAAA
WWWWWWWWWWWWWWWWWWWFFFFFF
XXXXXXXXXXXXXXXXXXXXXXXXX
XXXXXXXXXXXXXXXXXXXXXXXXX
YYYYYYYYYYYYYYYYYYYYYYYYY
YYYYYYYYYYYYYYYYYYYYYYYYY
PPPPPPPPPPPPPPPPPPPPPPPPP
OOOOOOOOOOOOOOOOOOOEEGGGG
OOOOOOOOOOOOOOOOOOOEEGGGG
QQQQQQQQQQQQKKCCCCCZZZZZZ
RRRRRRRRRRRRTTTTTTTTTTTTT
DDDDDDDDDDDDDDDDDDDDDDDDD
DDDDDDDDDDDDDDDDDDDDDDDDD
DDDDDDDDDDDDDDDDDDDDDDDDD
HHHHHHHHHHHHHHHHHHHHHHHHN
LLLLLLLLLLLLLLLLLLLLLLLLL
LLLLLLLLLLLLLLLLLLLLLLLLL
JJJJJJJJJJSSSSSSSSSSSSSSS
JJJJJJJJJJSSSSSSSSSSSSSSS
BBBBBBBBBBBBBBBBBBBBBBBBB
UUUUUUUUUUUUUUUUUUUUUUUUU
MMMMMMMMMMMMMMMMMMMMMMMII
Case #68: 
AAAAAACCCCCCCCCCCCCCCCCCC
AAAAAACCCCCCCCCCCCCCCCCCC
AAAAAACCCCCCCCCCCCCCCCCCC
AAAAAACCCCCCCCCCCCCCCCCCC
AAAAAACCCCCCCCCCCCCCCCCCC
AAAAAACCCCCCCCCCCCCCCCCCC
EEEEEEEEEEEEEEEEEEEEEEEEE
EEEEEEEEEEEEEEEEEEEEEEEEE
EEEEEEEEEEEEEEEEEEEEEEEEE
EEEEEEEEEEEEEEEEEEEEEEEEE
BBBBBBBDDDDDDDDDDDDDDDDDD
BBBBBBBDDDDDDDDDDDDDDDDDD
BBBBBBBDDDDDDDDDDDDDDDDDD
BBBBBBBDDDDDDDDDDDDDDDDDD
BBBBBBBDDDDDDDDDDDDDDDDDD
BBBBBBBDDDDDDDDDDDDDDDDDD
BBBBBBBDDDDDDDDDDDDDDDDDD
BBBBBBBDDDDDDDDDDDDDDDDDD
BBBBBBBDDDDDDDDDDDDDDDDDD
BBBBBBBDDDDDDDDDDDDDDDDDD
BBBBBBBDDDDDDDDDDDDDDDDDD
BBBBBBBDDDDDDDDDDDDDDDDDD
BBBBBBBDDDDDDDDDDDDDDDDDD
BBBBBBBDDDDDDDDDDDDDDDDDD
BBBBBBBDDDDDDDDDDDDDDDDDD
Case #69: 
AAAAAAAABBBBBBBBBBBBBBBBB
AAAAAAAABBBBBBBBBBBBBBBBB
AAAAAAAABBBBBBBBBBBBBBBBB
AAAAAAAABBBBBBBBBBBBBBBBB
AAAAAAAABBBBBBBBBBBBBBBBB
AAAAAAAABBBBBBBBBBBBBBBBB
AAAAAAAABBBBBBBBBBBBBBBBB
AAAAAAAABBBBBBBBBBBBBBBBB
AAAAAAAABBBBBBBBBBBBBBBBB
AAAAAAAABBBBBBBBBBBBBBBBB
AAAAAAAABBBBBBBBBBBBBBBBB
AAAAAAAABBBBBBBBBBBBBBBBB
AAAAAAAABBBBBBBBBBBBBBBBB
AAAAAAAABBBBBBBBBBBBBBBBB
AAAAAAAABBBBBBBBBBBBBBBBB
AAAAAAAABBBBBBBBBBBBBBBBB
AAAAAAAABBBBBBBBBBBBBBBBB
AAAAAAAABBBBBBBBBBBBBBBBB
AAAAAAAABBBBBBBBBBBBBBBBB
AAAAAAAABBBBBBBBBBBBBBBBB
AAAAAAAABBBBBBBBBBBBBBBBB
AAAAAAAABBBBBBBBBBBBBBBBB
CCCCCCCCCCCCCCCCCCCCCCCCC
DDDDDDDDDDDDDDDDDDDDDDDDD
EEEEEEEEEEEEEEEEEEEEEEEEE
Case #70: 
AABBCCDDEEFFGGHHIIJJKKLLM
NNNOOPPQQRRSSTTUUVVWWXXYY
ZZZZZZZZZZZZZZZZZZZZZZZZZ
ZZZZZZZZZZZZZZZZZZZZZZZZZ
ZZZZZZZZZZZZZZZZZZZZZZZZZ
ZZZZZZZZZZZZZZZZZZZZZZZZZ
ZZZZZZZZZZZZZZZZZZZZZZZZZ
ZZZZZZZZZZZZZZZZZZZZZZZZZ
ZZZZZZZZZZZZZZZZZZZZZZZZZ
ZZZZZZZZZZZZZZZZZZZZZZZZZ
ZZZZZZZZZZZZZZZZZZZZZZZZZ
ZZZZZZZZZZZZZZZZZZZZZZZZZ
ZZZZZZZZZZZZZZZZZZZZZZZZZ
ZZZZZZZZZZZZZZZZZZZZZZZZZ
ZZZZZZZZZZZZZZZZZZZZZZZZZ
ZZZZZZZZZZZZZZZZZZZZZZZZZ
ZZZZZZZZZZZZZZZZZZZZZZZZZ
ZZZZZZZZZZZZZZZZZZZZZZZZZ
ZZZZZZZZZZZZZZZZZZZZZZZZZ
ZZZZZZZZZZZZZZZZZZZZZZZZZ
ZZZZZZZZZZZZZZZZZZZZZZZZZ
ZZZZZZZZZZZZZZZZZZZZZZZZZ
ZZZZZZZZZZZZZZZZZZZZZZZZZ
ZZZZZZZZZZZZZZZZZZZZZZZZZ
ZZZZZZZZZZZZZZZZZZZZZZZZZ
Case #71: 
AAAAABBBBBBBBBBBBBBBBBBBB
AAAAABBBBBBBBBBBBBBBBBBBB
AAAAABBBBBBBBBBBBBBBBBBBB
AAAAABBBBBBBBBBBBBBBBBBBB
AAAAABBBBBBBBBBBBBBBBBBBB
AAAAABBBBBBBBBBBBBBBBBBBB
AAAAABBBBBBBBBBBBBBBBBBBB
CCCCCCCCCCCCCCCCCCCCCCCCC
DDDDDDDDDDDDDDDDDDDDDDDDD
EEEEEEEEEEEEEEEEEEEEEEEEE
EEEEEEEEEEEEEEEEEEEEEEEEE
EEEEEEEEEEEEEEEEEEEEEEEEE
FFFFFFFFFFFFFFFFFFHHHHHHH
JJJJJJJJJJJJJJJJJJJJJJJJJ
JJJJJJJJJJJJJJJJJJJJJJJJJ
JJJJJJJJJJJJJJJJJJJJJJJJJ
JJJJJJJJJJJJJJJJJJJJJJJJJ
GGGGGGGGGGGGGGGGGGGIIIIII
GGGGGGGGGGGGGGGGGGGIIIIII
GGGGGGGGGGGGGGGGGGGIIIIII
GGGGGGGGGGGGGGGGGGGIIIIII
GGGGGGGGGGGGGGGGGGGIIIIII
GGGGGGGGGGGGGGGGGGGIIIIII
GGGGGGGGGGGGGGGGGGGIIIIII
GGGGGGGGGGGGGGGGGGGIIIIII
Case #72: 
ABCDEFGHIJKLMNOPQRSTUVWXY
ABCDEFGHIJKLMNOPQRSTUVWXY
ABCDEFGHIJKLMNOPQRSTUVWXY
ABCDEFGHIJKLMNOPQRSTUVWXY
ABCDEFGHIJKLMNOPQRSTUVWXY
ABCDEFGHIJKLMNOPQRSTUVWXY
ABCDEFGHIJKLMNOPQRSTUVWXY
ABCDEFGHIJKLMNOPQRSTUVWXY
ABCDEFGHIJKLMNOPQRSTUVWXY
ABCDEFGHIJKLMNOPQRSTUVWXY
ABCDEFGHIJKLMNOPQRSTUVWXY
ABCDEFGHIJKLMNOPQRSTUVWXY
ABCDEFGHIJKLMNOPQRSTUVWXY
ABCDEFGHIJKLMNOPQRSTUVWXY
ABCDEFGHIJKLMNOPQRSTUVWXY
ABCDEFGHIJKLMNOPQRSTUVWXY
ABCDEFGHIJKLMNOPQRSTUVWXY
ABCDEFGHIJKLMNOPQRSTUVWXY
ABCDEFGHIJKLMNOPQRSTUVWXY
ABCDEFGHIJKLMNOPQRSTUVWXY
ABCDEFGHIJKLMNOPQRSTUVWXY
ABCDEFGHIJKLMNOPQRSTUVWXY
ABCDEFGHIJKLMNOPQRSTUVWXY
ABCDEFGHIJKLMNOPQRSTUVWXY
ABCDEFGHIJKLMNOPQRSTUVWXY
Case #73: 
AAAAAAAAAAAAAAAAAAAAAAAAA
BBBBBBBBBBBBBBBBBBBBBBBBB
CCCCCCCCCCCCCCCCCCCCCCCCC
DDDDDDDDDDDDDDDDDDDDDDDDD
EEEEEEEEEEEEEEEEEEEEEEEEE
FFFFFFFFFFFFFFFFFFFFFFFFF
GGGGGGGGGGGGGGGGGGGGGGGGG
HHHHHHHHHHHHHHHHHHHHHHHHH
IIIIIIIIIIIIIIIIIIIIIIIII
JJJJJJJJJJJJJJJJJJJJJJJJJ
KKKKKKKKKKKKKKKKKKKKKKKKK
LLLLLLLLLLLLLLLLLLLLLLLLL
MMMMMMMMMMMMMMMMMMMMMMMMM
NNNNNNNNNNNNNNNNNNNNNNNNN
OOOOOOOOOOOOOOOOOOOOOOOOO
PPPPPPPPPPPPPPPPPPPPPPPPP
QQQQQQQQQQQQQQQQQQQQQQQQQ
RRRRRRRRRRRRRRRRRRRRRRRRR
SSSSSSSSSSSSSSSSSSSSSSSSS
TTTTTTTTTTTTTTTTTTTTTTTTT
UUUUUUUUUUUUUUUUUUUUUUUUU
VVVVVVVVVVVVVVVVVVVVVVVVV
WWWWWWWWWWWWWWWWWWWWWWWWW
XXXXXXXXXXXXXXXXXXXXXXXXX
YYYYYYYYYYYYYYYYYYYYYYYYY
Case #74: 
WWWWWWWWWWWWWWWWWWWWWWWWW
YYYYYYYYYYYYYYYYYYYYYYYYY
BBBBBBBBBBBBBBBBBBBBBBBBB
CCCCCCCCCCCCCCCCCCCCCCCCC
CCCCCCCCCCCCCCCCCCCCCCCCC
KKKKKSSSSSSSSSSSSSSSSSSSS
KKKKKSSSSSSSSSSSSSSSSSSSS
KKKKKSSSSSSSSSSSSSSSSSSSS
FFFFFFFFFFFRRRRRRRMMMMMMM
DDDDDDDDDDDDDDDDDDDDDDDDD
EEEEEEEEEEEEEEEEEEEEEEEEE
VVVVVVVVVVVVVVVVVVVVVVVVV
XXXXXXXXXXXXXZZZZZZZZZZUU
PPPPPPPPPPPPPPPPPPPPPPPPP
PPPPPPPPPPPPPPPPPPPPPPPPP
IIIIIIIIIIIIIIIIIIIJHHHHH
GGGGGGTTTTTTTTTTAAAAAAAAA
GGGGGGTTTTTTTTTTAAAAAAAAA
QQQQQQQQQQQQQQNNNNNNNNNNN
QQQQQQQQQQQQQQNNNNNNNNNNN
OOOOOOOOOOOOOOOOOOOOOOOOO
OOOOOOOOOOOOOOOOOOOOOOOOO
LLLLLLLLLLLLLLLLLLLLLLLLL
LLLLLLLLLLLLLLLLLLLLLLLLL
LLLLLLLLLLLLLLLLLLLLLLLLL
Case #75: 
WWWWWWWWWWWWWWWWWWWWWWWWW
WWWWWWWWWWWWWWWWWWWWWWWWW
GGGGGGGGGGGGGGGGGGKKKKKSS
GGGGGGGGGGGGGGGGGGKKKKKSS
XXXXXXXXXXXXXXXXXXXXXXXXX
JJJJJJJJJJJJJJJQQQQQQQQQQ
OOOOOOOOOOOOOOOOOOOOOOOOO
OOOOOOOOOOOOOOOOOOOOOOOOO
ZZZZZZZZZZZZZZZZZZZZZZZZZ
EEEEEEEENNNNNNNNNNNNNNNNN
FFFFFFFFFFFFFFFFFFFFFMMMM
UUUUUUUUUUUUUUUUUUUUUUUUU
YYYYYYYYYYYYYYYYYYYYYYYYY
YYYYYYYYYYYYYYYYYYYYYYYYY
YYYYYYYYYYYYYYYYYYYYYYYYY
RRRRRRRRRRRRRRRRRRRRRRRRR
AAAAAAAAAAAAAAAAAAAAAAAAA
HHHHHHHHHHHHHHHHHHHHHHHHH
DDDDDDDDDDDDDDDDDDDDDDDDD
LLLLLLLLLLLLLLLLCCCCCCCCC
LLLLLLLLLLLLLLLLCCCCCCCCC
PPPPPPPPPPPPPPPPPPPPPPPPP
BBBBBBBBBBBBBBBBBBVVVVVVV
IIIIIIIIIIIIIIIIIIIIIIIII
TTTTTTTTTTTTTTTTTTTTTTTTT
Case #76: 
AAAAAAAAAAAAAABBBBBBBBBBB
AAAAAAAAAAAAAABBBBBBBBBBB
AAAAAAAAAAAAAABBBBBBBBBBB
AAAAAAAAAAAAAABBBBBBBBBBB
AAAAAAAAAAAAAABBBBBBBBBBB
AAAAAAAAAAAAAABBBBBBBBBBB
AAAAAAAAAAAAAABBBBBBBBBBB
CCCCCCCCCCCCCCCCCCCCCCCCC
DDDDDDDDDDDDDDDDDDDDDDDDD
EEEEEEEEEEEEEEEEEEEEEEEEE
EEEEEEEEEEEEEEEEEEEEEEEEE
EEEEEEEEEEEEEEEEEEEEEEEEE
EEEEEEEEEEEEEEEEEEEEEEEEE
EEEEEEEEEEEEEEEEEEEEEEEEE
EEEEEEEEEEEEEEEEEEEEEEEEE
EEEEEEEEEEEEEEEEEEEEEEEEE
EEEEEEEEEEEEEEEEEEEEEEEEE
EEEEEEEEEEEEEEEEEEEEEEEEE
EEEEEEEEEEEEEEEEEEEEEEEEE
EEEEEEEEEEEEEEEEEEEEEEEEE
EEEEEEEEEEEEEEEEEEEEEEEEE
EEEEEEEEEEEEEEEEEEEEEEEEE
EEEEEEEEEEEEEEEEEEEEEEEEE
EEEEEEEEEEEEEEEEEEEEEEEEE
EEEEEEEEEEEEEEEEEEEEEEEEE
Case #77: 
AAAAAAAAAAAAACCCCCCCCCCCC
AAAAAAAAAAAAACCCCCCCCCCCC
AAAAAAAAAAAAACCCCCCCCCCCC
AAAAAAAAAAAAACCCCCCCCCCCC
AAAAAAAAAAAAACCCCCCCCCCCC
AAAAAAAAAAAAACCCCCCCCCCCC
AAAAAAAAAAAAACCCCCCCCCCCC
AAAAAAAAAAAAACCCCCCCCCCCC
AAAAAAAAAAAAACCCCCCCCCCCC
AAAAAAAAAAAAACCCCCCCCCCCC
AAAAAAAAAAAAACCCCCCCCCCCC
AAAAAAAAAAAAACCCCCCCCCCCC
AAAAAAAAAAAAACCCCCCCCCCCC
AAAAAAAAAAAAACCCCCCCCCCCC
AAAAAAAAAAAAACCCCCCCCCCCC
AAAAAAAAAAAAACCCCCCCCCCCC
EEEEEEEEEEEEEEEEEEEEEEEEE
EEEEEEEEEEEEEEEEEEEEEEEEE
EEEEEEEEEEEEEEEEEEEEEEEEE
EEEEEEEEEEEEEEEEEEEEEEEEE
BBBBBBBBBBBBBBDDDDDDDDDDD
BBBBBBBBBBBBBBDDDDDDDDDDD
BBBBBBBBBBBBBBDDDDDDDDDDD
BBBBBBBBBBBBBBDDDDDDDDDDD
BBBBBBBBBBBBBBDDDDDDDDDDD
Case #78: 
XXXXXXXXXXXXXXXXXXXXXXXXX
XXXXXXXXXXXXXXXXXXXXXXXXX
XXXXXXXXXXXXXXXXXXXXXXXXX
XXXXXXXXXXXXXXXXXXXXXXXXX
BBBBBBBBBBBBBBBBBBBBBBBBB
BBBBBBBBBBBBBBBBBBBBBBBBB
NNNNNNNNNNNNNNNNNNNNNNNNN
GGGGGGGGGGGGGGGGGGGGGGGGG
ZZZZZZZZZZZZZZZZZZZZZZZZZ
SSSSSSSSYYYVVVCCCCCCCCCCC
KKKKKKLLLLADDDDDDDDDDDDDD
OOOOOOOOOOORRRRRRRRRRRRRR
PPPPPFHHHHHHUUUUUUUUUUUUU
IIIIIIIITTTQQQQQQQQQQQQQQ
EEEEEEEEEEEEEEEEEEEEEEEEE
JJJJJJJJJJJJJJJJJJJJJJJJJ
WWWWWWWWWWWWWWWWWWWWWWWWW
MMMMMMMMMMMMMMMMMMMMMMMMM
MMMMMMMMMMMMMMMMMMMMMMMMM
MMMMMMMMMMMMMMMMMMMMMMMMM
MMMMMMMMMMMMMMMMMMMMMMMMM
MMMMMMMMMMMMMMMMMMMMMMMMM
MMMMMMMMMMMMMMMMMMMMMMMMM
MMMMMMMMMMMMMMMMMMMMMMMMM
MMMMMMMMMMMMMMMMMMMMMMMMM
Case #79: 
HHHHHHHHAXXXXXXXXXXXXXXXX
HHHHHHHHAXXXXXXXXXXXXXXXX
HHHHHHHHAXXXXXXXXXXXXXXXX
HHHHHHHHAXXXXXXXXXXXXXXXX
HHHHHHHHAXXXXXXXXXXXXXXXX
HHHHHHHHAXXXXXXXXXXXXXXXX
HHHHHHHHAXXXXXXXXXXXXXXXX
HHHHHHHHAXXXXXXXXXXXXXXXX
HHHHHHHHAXXXXXXXXXXXXXXXX
HHHHHHHHAXXXXXXXXXXXXXXXX
HHHHHHHHAXXXXXXXXXXXXXXXX
HHHHHHHHAXXXXXXXXXXXXXXXX
HHHHHHHHAXXXXXXXXXXXXXXXX
HHHHHHHHAXXXXXXXXXXXXXXXX
HHHHHHHHAXXXXXXXXXXXXXXXX
HHHHHHHHAXXXXXXXXXXXXXXXX
KKKKKKKVCCCCCCCCCCCCCCCCC
GGGGGGGUUUUUUUUUUUUUUUUUU
DDDDDDDDDMMQQQQQQQQQQQQQQ
RRRRRLZBBBBBBBBBBBBBBBBBB
PPPPPPPOOOOWWWWWWWWWWWWWW
IIIIIIIIFTTYYYYYYYYYYYYYY
SSSSSSSEENNNNNNNNNNNNNNNN
JJJJJJJJJJJJJJJJJJJJJJJJJ
JJJJJJJJJJJJJJJJJJJJJJJJJ
Case #80: 
AAACCCCCCCCCCCCCCCCCCCCCC
AAACCCCCCCCCCCCCCCCCCCCCC
AAACCCCCCCCCCCCCCCCCCCCCC
AAACCCCCCCCCCCCCCCCCCCCCC
EEEEEEEEEEEEEEEEEEEEEEEEE
EEEEEEEEEEEEEEEEEEEEEEEEE
EEEEEEEEEEEEEEEEEEEEEEEEE
EEEEEEEEEEEEEEEEEEEEEEEEE
BBBBDDDDDDDDDDDDDDDDDDDDD
BBBBDDDDDDDDDDDDDDDDDDDDD
BBBBDDDDDDDDDDDDDDDDDDDDD
BBBBDDDDDDDDDDDDDDDDDDDDD
BBBBDDDDDDDDDDDDDDDDDDDDD
FFFFFFFFFFFFFFFFFFFGGGGGG
HHHHHHHHHHHHHHHHHHHHHHHHH
IIIIIIIIIIIIIIIIIIIIIIIII
JJJJJJJJJJJJJJJJJJJJJJJJJ
JJJJJJJJJJJJJJJJJJJJJJJJJ
JJJJJJJJJJJJJJJJJJJJJJJJJ
JJJJJJJJJJJJJJJJJJJJJJJJJ
JJJJJJJJJJJJJJJJJJJJJJJJJ
JJJJJJJJJJJJJJJJJJJJJJJJJ
JJJJJJJJJJJJJJJJJJJJJJJJJ
JJJJJJJJJJJJJJJJJJJJJJJJJ
JJJJJJJJJJJJJJJJJJJJJJJJJ
Case #81: 
AAAAAAAAAABBBBBBBBBBBBBBB
AAAAAAAAAABBBBBBBBBBBBBBB
AAAAAAAAAABBBBBBBBBBBBBBB
CCCCCCCCCCCCCCCCCCCCCCCCC
DDDDDDDDDDDDDDDDDDDDDDDDD
EEEEEEEEEEEEEEEEEEEEEEEEE
EEEEEEEEEEEEEEEEEEEEEEEEE
EEEEEEEEEEEEEEEEEEEEEEEEE
EEEEEEEEEEEEEEEEEEEEEEEEE
EEEEEEEEEEEEEEEEEEEEEEEEE
EEEEEEEEEEEEEEEEEEEEEEEEE
EEEEEEEEEEEEEEEEEEEEEEEEE
EEEEEEEEEEEEEEEEEEEEEEEEE
EEEEEEEEEEEEEEEEEEEEEEEEE
EEEEEEEEEEEEEEEEEEEEEEEEE
EEEEEEEEEEEEEEEEEEEEEEEEE
FFFFFFFFFFFFFFFFFFFHHHHHH
JJJJJJJJJJJJJJJJJJJJJJJJJ
JJJJJJJJJJJJJJJJJJJJJJJJJ
JJJJJJJJJJJJJJJJJJJJJJJJJ
JJJJJJJJJJJJJJJJJJJJJJJJJ
GGGGGGGGGGGGGGGGGGGGIIIII
GGGGGGGGGGGGGGGGGGGGIIIII
GGGGGGGGGGGGGGGGGGGGIIIII
GGGGGGGGGGGGGGGGGGGGIIIII
Case #82: 
CCCCCCCEAKKBLDIIMJFFFFHHG
Case #83: 
OOAAAABBBBBBBBBBBBBBBBJJJ
OOAAAABBBBBBBBBBBBBBBBJJJ
ZZZZZZZZZZZZZZZZZZZZZZZZZ
WWWWWWWWWWWWWWWWWWWWWWWWW
LLLLLLLLLLLLLLLLLLLLLLLLM
XXXXXXXXXXXXXXXXNNNNNNNNN
XXXXXXXXXXXXXXXXNNNNNNNNN
XXXXXXXXXXXXXXXXNNNNNNNNN
XXXXXXXXXXXXXXXXNNNNNNNNN
RRRRRRRRRRRRRRRRRRRRRKKKK
HHHHHHHHHHHHHHHHHHFFFFFFF
HHHHHHHHHHHHHHHHHHFFFFFFF
CCCCCCCCCCCCCCCCCCCCCCCCC
TTTTTTTTTTTTTTTTQQQQQQQQQ
VVVVVVVVVVVVVVPPPPPPPPPPP
UUUUUUUUUUUUUUUUUUUUUUUUU
UUUUUUUUUUUUUUUUUUUUUUUUU
UUUUUUUUUUUUUUUUUUUUUUUUU
UUUUUUUUUUUUUUUUUUUUUUUUU
GGGGGGGGGGGGGGGGGGGGGIIYY
GGGGGGGGGGGGGGGGGGGGGIIYY
GGGGGGGGGGGGGGGGGGGGGIIYY
SSSSSSSSSSSSSSSSSSSSSSDDD
EEEEEEEEEEEEEEEEEEEEEEEEE
EEEEEEEEEEEEEEEEEEEEEEEEE
Case #84: 
MMMMMMMMMMMMMMMMMMMMMMMMM
MMMMMMMMMMMMMMMMMMMMMMMMM
MMMMMMMMMMMMMMMMMMMMMMMMM
MMMMMMMMMMMMMMMMMMMMMMMMM
MMMMMMMMMMMMMMMMMMMMMMMMM
JJJJJJJJJJJJJJJJJJJJJJJJJ
SSSSSSSSSSSSSSSSSSSSSSSSS
SSSSSSSSSSSSSSSSSSSSSSSSS
IIIIIIIIIIIIIIIIIIIIIIIII
TTTTTNNNQQQQQQQQQQQFFFFFF
KKKKKKKKKKKKKKKKKKKKKKKKK
PPPPPPPPPPPPPPPPPPPPPPPPW
HHHHHHHHHHHDDDDDDDDDDDDDD
XXXXXXXXXXXXXXXXXXXXXXXXX
BBBBBBBBBBBBBBBBBBBBBBBBB
CCCCCCCCCCCCCCCCCYYAUUUUU
CCCCCCCCCCCCCCCCCYYAUUUUU
RRRRRRRRRRRRRRRRRRRRRRRRR
RRRRRRRRRRRRRRRRRRRRRRRRR
RRRRRRRRRRRRRRRRRRRRRRRRR
RRRRRRRRRRRRRRRRRRRRRRRRR
GGGGGGGGGGGGGGGGGGGGGGGGG
ZZZZZZZZZZZZZZZZZZZZZZZZZ
LLLLLVVVVVVVVVVVVVVVVVVVV
OOOOOOOOOOOOOOOEEEEEEEEEE
Case #85: 
BBB
AAA
AAA
AAA
Case #86: 
JJJJJJJJJJJJJJJJJJJJJJJJJ
TTTTTTTTTTTTTTTTTTTTHHHHH
OOOOOOOOOOOOOOOOOOOOOOOOO
OOOOOOOOOOOOOOOOOOOOOOOOO
NNNNNNNNNNNNNNNNNNNNNCCCK
LLLLLLLLLLLLLLLLLLLSSSSSS
UUUUUUUUUUUUUUUUEEEEYYYYY
DDDDDDDDDDDDDDDDDDDDDFFFF
AAAAAAAAAAAAAAAAAAAMMMMMM
GGGGGGGGGGGGGGGGGGGPPPPQQ
IIIIIIIIIIIIIIIIIIIIBBBZZ
RRRRRRRRRRRRRRRRRRRRRRXXX
VVVVVVVVVVVVVVVVVVVVVVVVV
VVVVVVVVVVVVVVVVVVVVVVVVV
WWWWWWWWWWWWWWWWWWWWWWWWW
WWWWWWWWWWWWWWWWWWWWWWWWW
WWWWWWWWWWWWWWWWWWWWWWWWW
WWWWWWWWWWWWWWWWWWWWWWWWW
WWWWWWWWWWWWWWWWWWWWWWWWW
WWWWWWWWWWWWWWWWWWWWWWWWW
WWWWWWWWWWWWWWWWWWWWWWWWW
WWWWWWWWWWWWWWWWWWWWWWWWW
WWWWWWWWWWWWWWWWWWWWWWWWW
WWWWWWWWWWWWWWWWWWWWWWWWW
WWWWWWWWWWWWWWWWWWWWWWWWW
Case #87: 
TTTTTTTTTTTTTTTTTTTTTTTTT
TTTTTTTTTTTTTTTTTTTTTTTTT
TTTTTTTTTTTTTTTTTTTTTTTTT
TTTTTTTTTTTTTTTTTTTTTTTTT
VVVVVVVVVVVVVVVVVVVVVVVZC
QQQQQQQQQQQQQQQQQQQQQQQQQ
HHHHHHHHHHHHHHHHHHHHHHHBL
OOOOOOOOOOOOOOOOOOOOGGGGG
UUUUUUUUUUUUUUUUUUUUUUPPM
WWWWWWWWWWWWWWWWWWWWWWRIK
FFFFFFFFFFFFFFFFFFFFFNXXX
DDDDDDDDDDDDDDDDDDDDDDDDJ
SSSSSSSSSSSSSSSSSSSSSSSYA
EEEEEEEEEEEEEEEEEEEEEEEEE
EEEEEEEEEEEEEEEEEEEEEEEEE
EEEEEEEEEEEEEEEEEEEEEEEEE
EEEEEEEEEEEEEEEEEEEEEEEEE
EEEEEEEEEEEEEEEEEEEEEEEEE
EEEEEEEEEEEEEEEEEEEEEEEEE
EEEEEEEEEEEEEEEEEEEEEEEEE
EEEEEEEEEEEEEEEEEEEEEEEEE
EEEEEEEEEEEEEEEEEEEEEEEEE
EEEEEEEEEEEEEEEEEEEEEEEEE
EEEEEEEEEEEEEEEEEEEEEEEEE
EEEEEEEEEEEEEEEEEEEEEEEEE
Case #88: 
ABCDEFGHIJKLMNOPQRSTUVWXY
ABCDEFGHIJKLMNOPQRSTUVWXY
ABCDEFGHIJKLMNOPQRSTUVWXY
ABCDEFGHIJKLMNOPQRSTUVWXY
ABCDEFGHIJKLMNOPQRSTUVWXY
ABCDEFGHIJKLMNOPQRSTUVWXY
ABCDEFGHIJKLMNOPQRSTUVWXY
ABCDEFGHIJKLMNOPQRSTUVWXY
ABCDEFGHIJKLMNOPQRSTUVWXY
ABCDEFGHIJKLMNOPQRSTUVWXY
ABCDEFGHIJKLMNOPQRSTUVWXY
ABCDEFGHIJKLMNOPQRSTUVWXY
ABCDEFGHIJKLMNOPQRSTUVWXY
ABCDEFGHIJKLMNOPQRSTUVWXY
ABCDEFGHIJKLMNOPQRSTUVWXY
ABCDEFGHIJKLMNOPQRSTUVWXY
ABCDEFGHIJKLMNOPQRSTUVWXY
ABCDEFGHIJKLMNOPQRSTUVWXY
ABCDEFGHIJKLMNOPQRSTUVWXY
ABCDEFGHIJKLMNOPQRSTUVWXY
ABCDEFGHIJKLMNOPQRSTUVWXY
ABCDEFGHIJKLMNOPQRSTUVWXY
ABCDEFGHIJKLMNOPQRSTUVWXY
ABCDEFGHIJKLMNOPQRSTUVWXY
ABCDEFGHIJKLMNOPQRSTUVWXY
Case #89: 
GGGGGGGGGGGGGGGGGGTTTTTTT
GGGGGGGGGGGGGGGGGGTTTTTTT
GGGGGGGGGGGGGGGGGGTTTTTTT
GGGGGGGGGGGGGGGGGGTTTTTTT
RRRRRRRRRRRRRRRRRRRRRRRRR
MMMMMMMMMMMMMMMMMMMMMMMMM
VVVVVVVVVVVVVVVVVVVVVVVVV
DDDDDDDDDDDDDDDDDDDDDDDDD
AAAAAAAAAAAAAAAAAAAAAAYYY
HHHHHHHWWWWWWWWWWWBBBBBBB
XXXXXXXLLLLLLLLLLLLLLLLLL
XXXXXXXLLLLLLLLLLLLLLLLLL
XXXXXXXLLLLLLLLLLLLLLLLLL
SSSSSSSSSSSSSSOOOOOOOOOOO
QQQQQQQQQQQQQQQQQQQQQQQQQ
IIIIIIIIIIIIIIIIIIIIIIIII
EEEEEEEEEEEEEEEEEEEEEEEEE
JJJJJJJJJJJJPPPPPPPPPPPPP
KKKKKKKKKKKKCCCCCCCCCCCCC
FFFFFFFFFFFFFFFFFFFFFFFFF
ZZZZZZZZZZZZZZZZZZZZZZZZZ
ZZZZZZZZZZZZZZZZZZZZZZZZZ
ZZZZZZZZZZZZZZZZZZZZZZZZZ
UUUUUUUUUUUUUUUUUUUUUUUUU
NNNNNNNNNNNNNNNNNNNNNNNNN
Case #90: 
XXXXXXXXXXXXXXXXXXXXXXXXX
XXXXXXXXXXXXXXXXXXXXXXXXX
UUUUUUUUUUUUUUUUUUUUUGEEE
PPPPPPPPPPPPPPPPPPPPPPPPV
QQQQQQQQQQQQQQQQQQCCCCCCC
ZZZZZZZZZZZZZZZZHHHHSAAAA
IIIIIIIIIIIIIIIIIIIIBBBBB
FFFFFFFFFFFFFFFFFFFFFFYYY
JJJJJJJJJJJJJJJJDDDDLWWWW
KKKKKKKKKKKKKKKKKKKKKKKKK
TTTTTTTTTTTTTTTTTTTTTNNNN
RRRRRRRRRRRRRRRRRRRRRRRRR
MMMMMMMMMMMMMMMMMMMMMMMMM
OOOOOOOOOOOOOOOOOOOOOOOOO
OOOOOOOOOOOOOOOOOOOOOOOOO
OOOOOOOOOOOOOOOOOOOOOOOOO
OOOOOOOOOOOOOOOOOOOOOOOOO
OOOOOOOOOOOOOOOOOOOOOOOOO
OOOOOOOOOOOOOOOOOOOOOOOOO
OOOOOOOOOOOOOOOOOOOOOOOOO
OOOOOOOOOOOOOOOOOOOOOOOOO
OOOOOOOOOOOOOOOOOOOOOOOOO
OOOOOOOOOOOOOOOOOOOOOOOOO
OOOOOOOOOOOOOOOOOOOOOOOOO
OOOOOOOOOOOOOOOOOOOOOOOOO
Case #91: 
ABCDEFGHIJKLMNOPQRSTUVWXY
ABCDEFGHIJKLMNOPQRSTUVWXY
ABCDEFGHIJKLMNOPQRSTUVWXY
ABCDEFGHIJKLMNOPQRSTUVWXY
ABCDEFGHIJKLMNOPQRSTUVWXY
ABCDEFGHIJKLMNOPQRSTUVWXY
ABCDEFGHIJKLMNOPQRSTUVWXY
ABCDEFGHIJKLMNOPQRSTUVWXY
ABCDEFGHIJKLMNOPQRSTUVWXY
ABCDEFGHIJKLMNOPQRSTUVWXY
ABCDEFGHIJKLMNOPQRSTUVWXY
ABCDEFGHIJKLMNOPQRSTUVWXY
ABCDEFGHIJKLMNOPQRSTUVWXY
ABCDEFGHIJKLMNOPQRSTUVWXY
ABCDEFGHIJKLMNOPQRSTUVWXY
ABCDEFGHIJKLMNOPQRSTUVWXY
ABCDEFGHIJKLMNOPQRSTUVWXY
ABCDEFGHIJKLMNOPQRSTUVWXY
ABCDEFGHIJKLMNOPQRSTUVWXY
ABCDEFGHIJKLMNOPQRSTUVWXY
ABCDEFGHIJKLMNOPQRSTUVWXY
ABCDEFGHIJKLMNOPQRSTUVWXY
ABCDEFGHIJKLMNOPQRSTUVWXY
ABCDEFGHIJKLMNOPQRSTUVWXY
ABCDEFGHIJKLMNOPQRSTUVWXY
Case #92: 
UUMMMBBBBBBBBTTTTTTTTTTTT
FFFFFFFFFFFFSSSSSSSSSSSSS
JJJJJJJJKKKHHHOOOOOOOOOOO
WWWWWWWWWWWWGGGGGGGGGGGGG
QQQNNLLLLLYYYYYYYYYYYYYYY
EEEEEEEEEEEEDDDDDDDDDDDDD
RRRCCZZZZZZZZZZZZZZZZZZZZ
PPPPPPPPPIIIIIIIIIIIIIIII
PPPPPPPPPIIIIIIIIIIIIIIII
VVVVAAAAAAAAAAAAAAAAAAAAA
VVVVAAAAAAAAAAAAAAAAAAAAA
XXXXXXXXXXXXXXXXXXXXXXXXX
XXXXXXXXXXXXXXXXXXXXXXXXX
XXXXXXXXXXXXXXXXXXXXXXXXX
XXXXXXXXXXXXXXXXXXXXXXXXX
XXXXXXXXXXXXXXXXXXXXXXXXX
XXXXXXXXXXXXXXXXXXXXXXXXX
XXXXXXXXXXXXXXXXXXXXXXXXX
XXXXXXXXXXXXXXXXXXXXXXXXX
XXXXXXXXXXXXXXXXXXXXXXXXX
XXXXXXXXXXXXXXXXXXXXXXXXX
XXXXXXXXXXXXXXXXXXXXXXXXX
XXXXXXXXXXXXXXXXXXXXXXXXX
XXXXXXXXXXXXXXXXXXXXXXXXX
XXXXXXXXXXXXXXXXXXXXXXXXX
Case #93: 
PPPPPPPPPPPPPPYYYNNNNXXXX
IIIIIIIIIIIIIIIIIIIGGGGGG
UUUUUUUUUUUUUUUHHHHEEEEEE
WWWWWWWWWWWWWWWWWWWMMMMML
JJJJJJJJJJJJJJJJJJJJJJJJJ
JJJJJJJJJJJJJJJJJJJJJJJJJ
ZZZZZZZZZZZZZZZZZZZZZSSRV
AAAAAAAAAAAAAAAAAAADOCCCC
KKKKKKKKKKKKKKKKKKKKKKKKK
TTTTTTTTTTTTTTTTTTQQFFFFF
BBBBBBBBBBBBBBBBBBBBBBBBB
BBBBBBBBBBBBBBBBBBBBBBBBB
BBBBBBBBBBBBBBBBBBBBBBBBB
BBBBBBBBBBBBBBBBBBBBBBBBB
BBBBBBBBBBBBBBBBBBBBBBBBB
BBBBBBBBBBBBBBBBBBBBBBBBB
BBBBBBBBBBBBBBBBBBBBBBBBB
BBBBBBBBBBBBBBBBBBBBBBBBB
BBBBBBBBBBBBBBBBBBBBBBBBB
BBBBBBBBBBBBBBBBBBBBBBBBB
BBBBBBBBBBBBBBBBBBBBBBBBB
BBBBBBBBBBBBBBBBBBBBBBBBB
BBBBBBBBBBBBBBBBBBBBBBBBB
BBBBBBBBBBBBBBBBBBBBBBBBB
BBBBBBBBBBBBBBBBBBBBBBBBB
Case #94: 
A
Case #95: 
JJJJJJJJJJJJJJJJJJJJJJJJJ
ZZZZZZZZZZZZZRRRRRRRRRRRR
ZZZZZZZZZZZZZRRRRRRRRRRRR
ZZZZZZZZZZZZZRRRRRRRRRRRR
FFFFFFFFFFFFFFFFFFFFFFFFF
FFFFFFFFFFFFFFFFFFFFFFFFF
XXXXXXXXXXXXXXXXVVVVVVVVV
XXXXXXXXXXXXXXXXVVVVVVVVV
OOOOOOOOOOOOOOOOOOOOOOOOO
OOOOOOOOOOOOOOOOOOOOOOOOO
SSSSSSSSSSSSSSSSSSSSSSSSS
SSSSSSSSSSSSSSSSSSSSSSSSS
SSSSSSSSSSSSSSSSSSSSSSSSS
SSSSSSSSSSSSSSSSSSSSSSSSS
DDDDDDDDDDDDDDDDDDDDDDDDD
BBBBBBBBBBBBBBBBBBBBBBBBB
EEEEEEEEEEEEEEEEEEEEETTTT
CCCCCCCCCCCCCCCCMMMMMMLLL
AAAAAAAAAAAAAAAAAAAAAAAAA
NNNNNNWWUHHHHGGGGGGGGGGGG
IIIIIIIIIIIIIIIIIIKKKKKKK
IIIIIIIIIIIIIIIIIIKKKKKKK
PPPPPPPPPYYYYYYYYYYYYYYYY
QQQQQQQQQQQQQQQQQQQQQQQQQ
QQQQQQQQQQQQQQQQQQQQQQQQQ
Case #96: 
RRRRRRRRRRRRRRRRRRRRRRRRR
DDDDDDDDDDDDDDDDLLLLLLLLL
WWWWWWWWWWWWWWWWWWWWWWVVV
SSSSSSSSSSSSSSSSSSSSSSSSS
IIIIIIIIEEEEEEEEEEEEEEEEE
UUUUUUUUUUUUUUUUUUUUUUUUU
MMMMMMMMMMMMMMMMMMMMMMMMM
OOOOOOOOOOOOOOOOOOOOOOOOO
XXXXXXXXXXXXXXXXXXXXXXXXX
PPPPPPPPPPPPPPPPPPPPPPPPP
PPPPPPPPPPPPPPPPPPPPPPPPP
QQQQQQQQQQQQQQQQQQQQQHHHH
FFFFFFFFFFFFFFFFFBBBBTTTT
FFFFFFFFFFFFFFFFFBBBBTTTT
CCCCCCCCCCCCCCCCCCCCCCCCC
CCCCCCCCCCCCCCCCCCCCCCCCC
NNNNNNNNNNNNNNYYYYYYYYYYY
KKKKKKKKKKKKKKKKKKKKKKKKK
KKKKKKKKKKKKKKKKKKKKKKKKK
KKKKKKKKKKKKKKKKKKKKKKKKK
AAAAAAAAAAAAAAAAAAAAAAAAA
AAAAAAAAAAAAAAAAAAAAAAAAA
GGGGGGGGGGGGJJJJJJJJJJJJJ
GGGGGGGGGGGGJJJJJJJJJJJJJ
ZZZZZZZZZZZZZZZZZZZZZZZZZ
Case #97: 
AAAAAAAAAAAAAAAAAAAAAAAAA
DDDDDDDDDDDDDDDDDDDDDDDDD
YYYYYYYYYYYYYYYYYYYYYYYYY
KKKKKKKKKKKKKKKKKKKKKKKKK
JJJJJJJJJJJJJJJJJJJJJJJJJ
TTTTTTTTTTTTTTTTTTTTTTTTT
SSSSSSSSSSSSSSSSSSSSSSSSS
FFFFFFFUHHHHHHHHHHHHHHHHH
XXXXMMMMMMMMMMMMMMMMMMMMM
NNNNRREEEEEEEEEEEEEEEEEEE
WWWWWWWWWWWWWWWWWWWWWWWWW
GGGGGGIIIIIIIIIIIIIIIIIII
QLLLLLLBBBBBBBBBBBBBBBBBB
PPPOCZVVVVVVVVVVVVVVVVVVV
PPPOCZVVVVVVVVVVVVVVVVVVV
PPPOCZVVVVVVVVVVVVVVVVVVV
PPPOCZVVVVVVVVVVVVVVVVVVV
PPPOCZVVVVVVVVVVVVVVVVVVV
PPPOCZVVVVVVVVVVVVVVVVVVV
PPPOCZVVVVVVVVVVVVVVVVVVV
PPPOCZVVVVVVVVVVVVVVVVVVV
PPPOCZVVVVVVVVVVVVVVVVVVV
PPPOCZVVVVVVVVVVVVVVVVVVV
PPPOCZVVVVVVVVVVVVVVVVVVV
PPPOCZVVVVVVVVVVVVVVVVVVV
Case #98: 
HHHHHHHHHHHHHHHHHHHHHHHHH
HHHHHHHHHHHHHHHHHHHHHHHHH
HHHHHHHHHHHHHHHHHHHHHHHHH
HHHHHHHHHHHHHHHHHHHHHHHHH
HHHHHHHHHHHHHHHHHHHHHHHHH
HHHHHHHHHHHHHHHHHHHHHHHHH
RRRRRRRRRRGXXXXXBBBBBBBBB
RRRRRRRRRRGXXXXXBBBBBBBBB
SSSSSSSSSSSSSSSSSSSSSSSII
WWWWWWWWWWWWCCCNNNNUUUUZZ
VVVVVVVVVVVVVVVVVVVVVVVVV
VVVVVVVVVVVVVVVVVVVVVVVVV
VVVVVVVVVVVVVVVVVVVVVVVVV
FFFFFFFFFFFFFFFFFFFFFFFFF
FFFFFFFFFFFFFFFFFFFFFFFFF
QQQQQQQQQQQQQQQQQQQQQQQQQ
TTTTTTTTYYYYYYYYYYYYYYYYD
LLLLLLLLLLLLLLLLLJJJJJJJJ
MMMMMMMMMMMMMMMMMMMMMMMMM
MMMMMMMMMMMMMMMMMMMMMMMMM
MMMMMMMMMMMMMMMMMMMMMMMMM
PPPPPPPPPPPPPPPPOOOOOOOOO
PPPPPPPPPPPPPPPPOOOOOOOOO
KKKKKKKKKKKKKKKKKKKKKEEEE
AAAAAAAAAAAAAAAAAAAAAAAAA
Case #99: 
A
A
Case #100: 
VVVVVVVVVVVVVVVGGGGGGGGNN
VVVVVVVVVVVVVVVGGGGGGGGNN
VVVVVVVVVVVVVVVGGGGGGGGNN
VVVVVVVVVVVVVVVGGGGGGGGNN
RRRRRRRRRRRRRRRRRRRRRRRRR
SSSSSSSSSSSSSSSSSSSSSSSSS
SSSSSSSSSSSSSSSSSSSSSSSSS
SSSSSSSSSSSSSSSSSSSSSSSSS
DDDDDDDDDDDDDDDDDDDDDDDDD
FFFIIIIIIIIIIIIIIIIIIIIII
FFFIIIIIIIIIIIIIIIIIIIIII
FFFIIIIIIIIIIIIIIIIIIIIII
MMMMMMMMMMMMMMMMMKKXXXXXA
BBBBBBBBBBEEEEPPPPPPPPTTT
JJJJJJJJJJJJJJJJJJJJJJJJJ
YYYYYYYYYYWWWWOZZZZZZZZZZ
YYYYYYYYYYWWWWOZZZZZZZZZZ
LLLLLLLLLLLLLLLLLLLLLLLLL
LLLLLLLLLLLLLLLLLLLLLLLLL
LLLLLLLLLLLLLLLLLLLLLLLLL
LLLLLLLLLLLLLLLLLLLLLLLLL
UUUUUUUUUUUUUUUUUUUUUUUUU
CCCCCCCCCCCCCCHQQQQQQQQQQ
CCCCCCCCCCCCCCHQQQQQQQQQQ
CCCCCCCCCCCCCCHQQQQQQQQQQ
