Case #1: 
GGG
CCC
JJJ
Case #2: 
CODE
CODE
JJAM
Case #3: 
CA
KE
Case #4: 
AAAA
BBBB
CCCC
Case #5: 
GEAA
JHBD
ICFF
Case #6: 
AA
AA
Case #7: 
AA
BB
CC
DD
EE
FF
Case #8: 
BBB
AAA
Case #9: 
ABCD
ABCD
ABCD
Case #10: 
EDA
CBF
Case #11: 
BBA
Case #12: 
DDDD
CCEE
BBBA
Case #13: 
ABHF
JGED
IIIC
Case #14: 
AAFC
BBBD
EEEE
Case #15: 
BBEA
DDDD
CCCC
Case #16: 
CCJJ
CCJJ
CCJJ
Case #17: 
CCCA
DDDD
BBEE
Case #18: 
DDB
AAC
Case #19: 
AAA
Case #20: 
EBBB
CCCD
AAAA
Case #21: 
EJBI
FHDA
GCCC
Case #22: 
CCB
FFD
FFD
AEE
Case #23: 
AAAD
EEEE
BCCC
Case #24: 
ABCD
ABCD
ABCD
Case #25: 
BFG
ACJ
IDK
HLE
Case #26: 
DHGG
BIFA
ECCC
Case #27: 
BFC
AAA
EED
EED
Case #28: 
IJJ
CBF
GDE
AHK
Case #29: 
DFF
CHH
EIG
ABB
Case #30: 
EE
EE
DD
CC
CC
BA
Case #31: 
FFE
ADD
CCC
BBB
Case #32: 
AEE
BBF
CCC
DDD
Case #33: 
A
A
B
B
C
C
D
D
E
E
F
F
Case #34: 
CA
BD
Case #35: 
BBBB
DDCC
AAAE
Case #36: 
AAAA
BBBB
CCCC
Case #37: 
AAC
EEF
EEF
DBB
Case #38: 
AABBCC
DDDEEF
Case #39: 
AAB
CCC
DDE
FFF
Case #40: 
EBB
ACC
DDD
DDD
Case #41: 
JHFC
KLGB
EIAD
Case #42: 
AA
CB
Case #43: 
BBCC
DDEE
AAAA
Case #44: 
CCC
DAA
FFF
BBE
Case #45: 
DCE
AAB
Case #46: 
AB
AB
Case #47: 
AAAA
BBBB
CCCC
Case #48: 
AABB
CCCD
EEFF
Case #49: 
DDA
FEE
FEE
BCC
Case #50: 
ADD
BBB
CCE
Case #51: 
CCC
DEE
AAA
FFB
Case #52: 
CBBE
DDDD
AAAA
Case #53: 
EEEE
CCBB
AADF
Case #54: 
AB
Case #55: 
A
Case #56: 
EEA
BBD
CCC
CCC
Case #57: 
DCCC
ABBB
EEEE
Case #58: 
BFD
CAE
CAE
CAE
Case #59: 
DDD
CFA
EBB
EBB
Case #60: 
ABC
DDD
EEE
Case #61: 
ABCD
ABCD
ABCD
Case #62: 
EEE
HFF
ABI
DCG
Case #63: 
AA
AA
AA
BB
Case #64: 
BAAA
CCDD
EEEE
Case #65: 
DCAF
BEEE
BEEE
Case #66: 
GGG
EHH
FBB
ADC
Case #67: 
EEE
FBD
FBD
AAC
Case #68: 
BCA
BCA
Case #69: 
B
A
Case #70: 
ABD
CEE
CEE
CEE
Case #71: 
AA
Case #72: 
AABBCCDDEEFF
Case #73: 
CFDA
BBBG
EEEE
Case #74: 
ACCC
EEEE
BBDF
Case #75: 
CCCC
BDEE
AAAA
Case #76: 
CCCE
BBBA
DDDD
Case #77: 
FBB
DDD
EEA
CCC
Case #78: 
DDDD
BCCC
AFEE
Case #79: 
A
A
Case #80: 
CCB
DDA
HGE
FFI
Case #81: 
GHJF
CDKA
BBIE
Case #82: 
DDD
ACC
FFE
BBB
Case #83: 
CBA
Case #84: 
IIK
HFB
JGA
DCE
Case #85: 
CCC
CCC
DAA
EBB
Case #86: 
CCC
FFF
BBD
EEA
Case #87: 
BBBB
AAAA
Case #88: 
DDC
AAE
BBB
BBB
Case #89: 
AAAA
BBBB
CCCC
Case #90: 
KIF
ECL
DAJ
GHB
Case #91: 
EGJB
DCIA
FHHH
Case #92: 
BBB
CAD
FFF
EEE
Case #93: 
DCCC
DCCC
EEAB
Case #94: 
AAB
CCC
DDD
EEF
Case #95: 
AAAA
DBBB
EEEC
Case #96: 
ILBH
KCGA
FJED
Case #97: 
EEEE
BBCD
AAAA
Case #98: 
AAA
AAA
Case #99: 
FFF
BBB
ECD
AAA
Case #100: 
BIKJ
FGEL
DAHC
