Case #1: AB AB
Case #2: A A C B B CA
Case #3: C C BA
Case #4: B B A A BC
Case #5: C A A C C A A CB
Case #6: B B C A A CB
Case #7: C C A A C B B CA
Case #8: B B C C B B CA
Case #9: AB AB AB
Case #10: B A A B C C BA
Case #11: C B B CA
Case #12: C A A C C AB
Case #13: A A B B A A BC
Case #14: A A A C B B CA
Case #15: A A B B A C C AB
Case #16: B A A BC
Case #17: A A C C A B B AC
Case #18: B A A B B A A BC
Case #19: B B CA
Case #20: B A A B B AC
Case #21: C C B A A BC
Case #22: C BA
Case #23: C C B B C C BA
Case #24: C C B B CA
Case #25: C B B C C BA
Case #26: C C B B C A A CB
Case #27: A A C C AB
Case #28: C B A A BC
Case #29: B B C C B A A BC
Case #30: C A A CB
Case #31: B B A A B B AC
Case #32: AB
Case #33: B B C C BA
Case #34: AB AB AB AB
Case #35: B B B C A A CB
Case #36: C B B C A A CB
Case #37: C C A A C C AB
Case #38: C A A C B B CA
Case #39: C C C B A A BC
Case #40: C B B C C B B CA
Case #41: A A CB
Case #42: A A B B AC
Case #43: A A C C A A CB
Case #44: C B A A B C C BA
Case #45: C C A A CB
Case #46: B B A A B C C BA
